2025-08-12 19:26:41,332 - __main__ - INFO: Linux Plus Study System logging initialized
2025-08-12 19:26:41,332 - __main__ - INFO: Starting web application mode
2025-08-12 19:26:41,333 - utils.persistence_manager - INFO: Persistence Manager initialized
2025-08-12 19:26:41,333 - utils.database - INFO: Initializing sqlite without connection pooling
2025-08-12 19:26:41,362 - utils.database - INFO: Database connection test successful
2025-08-12 19:26:41,375 - __main__ - INFO: Web application components loaded successfully
2025-08-12 19:26:41,377 - utils.persistence_manager - INFO: Created file with defaults: /home/retiredfan/Documents/github/Linux-test/Linux-Practice/linux_plus_study_v3/web_settings.json
2025-08-12 19:26:41,397 - views.web_view - WARNING: VM management features not available - vm_integration module not found
2025-08-12 19:26:41,401 - __main__ - INFO: Web interface loaded successfully - Starting server on 127.0.0.1:5000
2025-08-12 19:27:02,200 - views.web_view - ERROR: Heatmap API error: No module named 'services.analytics_adapter'
2025-08-12 19:27:02,200 - views.web_view - ERROR: Achievements API error: No module named 'services.analytics_adapter'
2025-08-12 19:27:02,300 - views.web_view - ERROR: Dashboard API error: No module named 'services.analytics_adapter'
2025-08-12 19:27:07,812 - views.web_view - ERROR: Achievements API error: No module named 'services.analytics_adapter'
2025-08-12 19:27:08,813 - views.web_view - ERROR: Achievements API error: No module named 'services.analytics_adapter'
2025-08-12 19:27:14,299 - views.web_view - ERROR: Statistics API error: No module named 'services.analytics_adapter'
2025-08-12 19:27:15,758 - views.web_view - ERROR: Achievements API error: No module named 'services.analytics_adapter'
2025-08-12 19:27:16,757 - views.web_view - ERROR: Achievements API error: No module named 'services.analytics_adapter'
2025-08-12 19:27:22,074 - views.web_view - ERROR: Get profiles error: No module named 'services.analytics_adapter'
2025-08-12 19:27:31,708 - views.web_view - ERROR: Get profiles error: No module named 'services.analytics_adapter'
2025-08-12 19:27:35,801 - views.web_view - ERROR: Get profiles error: No module named 'services.analytics_adapter'
2025-08-12 19:31:02,504 - __main__ - INFO: Received signal 2, initiating graceful shutdown
2025-08-12 19:31:02,505 - utils.database - INFO: All database connections closed
2025-08-12 19:31:04,843 - __main__ - INFO: Linux Plus Study System logging initialized
2025-08-12 19:31:04,843 - __main__ - INFO: Starting web application mode
2025-08-12 19:31:04,844 - utils.persistence_manager - INFO: Persistence Manager initialized
2025-08-12 19:31:04,844 - utils.database - INFO: Initializing sqlite without connection pooling
2025-08-12 19:31:04,852 - utils.database - INFO: Database connection test successful
2025-08-12 19:31:04,864 - __main__ - INFO: Web application components loaded successfully
2025-08-12 19:31:04,889 - views.web_view - WARNING: VM management features not available - vm_integration module not found
2025-08-12 19:31:04,892 - __main__ - INFO: Web interface loaded successfully - Starting server on 127.0.0.1:5000
2025-08-12 19:31:10,865 - views.web_view - ERROR: Achievements API error: 'NoneType' object has no attribute 'get'
2025-08-12 19:31:11,732 - views.web_view - ERROR: Statistics API error: 'NoneType' object is not subscriptable
2025-08-12 19:31:15,108 - views.web_view - ERROR: Achievements API error: 'NoneType' object has no attribute 'get'
2025-08-12 19:31:15,210 - views.web_view - ERROR: Dashboard API error: 'NoneType' object has no attribute 'update'
2025-08-12 19:33:33,017 - views.web_view - ERROR: Achievements API error: 'NoneType' object has no attribute 'get'
2025-08-12 19:34:11,967 - views.web_view - ERROR: Achievements API error: 'NoneType' object has no attribute 'get'
2025-08-12 19:34:33,668 - views.web_view - ERROR: Achievements API error: 'NoneType' object has no attribute 'get'
2025-08-12 19:35:01,046 - views.web_view - ERROR: Achievements API error: 'NoneType' object has no attribute 'get'
2025-08-12 19:35:09,157 - views.web_view - ERROR: Statistics API error: 'NoneType' object is not subscriptable
2025-08-12 19:35:54,088 - views.web_view - ERROR: Statistics API error: 'NoneType' object is not subscriptable
2025-08-12 19:36:02,718 - views.web_view - ERROR: Achievements API error: 'NoneType' object has no attribute 'get'
2025-08-12 19:36:09,159 - __main__ - INFO: Received signal 2, initiating graceful shutdown
2025-08-12 19:36:09,159 - utils.database - INFO: All database connections closed
2025-08-12 19:36:10,704 - __main__ - INFO: Linux Plus Study System logging initialized
2025-08-12 19:36:10,704 - __main__ - INFO: Starting web application mode
2025-08-12 19:36:10,705 - utils.persistence_manager - INFO: Persistence Manager initialized
2025-08-12 19:36:10,705 - utils.database - INFO: Initializing sqlite without connection pooling
2025-08-12 19:36:10,714 - utils.database - INFO: Database connection test successful
2025-08-12 19:36:10,732 - __main__ - INFO: Web application components loaded successfully
2025-08-12 19:36:10,764 - views.web_view - WARNING: VM management features not available - vm_integration module not found
2025-08-12 19:36:10,769 - __main__ - INFO: Web interface loaded successfully - Starting server on 127.0.0.1:5000
2025-08-12 19:36:59,568 - views.web_view - ERROR: Dashboard API error: 'NoneType' object has no attribute 'update'
2025-08-12 19:37:48,109 - views.web_view - ERROR: Exception on /api/status [GET]
Traceback (most recent call last):
  File "/home/retiredfan/Documents/github/Linux-test/Linux-Practice/linux_plus_study_v3/views/web_view.py", line 2072, in api_status
    'total_points': user_data['xp'],  # Use analytics XP for total accumulated points
                    ~~~~~~~~~^^^^^^
TypeError: 'NoneType' object is not subscriptable

During handling of the above exception, another exception occurred:

Traceback (most recent call last):
  File "/home/retiredfan/.local/lib/python3.12/site-packages/flask/app.py", line 1511, in wsgi_app
    response = self.full_dispatch_request()
               ^^^^^^^^^^^^^^^^^^^^^^^^^^^^
  File "/home/retiredfan/.local/lib/python3.12/site-packages/flask/app.py", line 919, in full_dispatch_request
    rv = self.handle_user_exception(e)
         ^^^^^^^^^^^^^^^^^^^^^^^^^^^^^
  File "/home/retiredfan/.local/lib/python3.12/site-packages/flask/app.py", line 917, in full_dispatch_request
    rv = self.dispatch_request()
         ^^^^^^^^^^^^^^^^^^^^^^^
  File "/home/retiredfan/.local/lib/python3.12/site-packages/flask/app.py", line 902, in dispatch_request
    return self.ensure_sync(self.view_functions[rule.endpoint])(**view_args)  # type: ignore[no-any-return]
           ^^^^^^^^^^^^^^^^^^^^^^^^^^^^^^^^^^^^^^^^^^^^^^^^^^^^^^^^^^^^^^^^^
  File "/home/retiredfan/Documents/github/Linux-test/Linux-Practice/linux_plus_study_v3/views/web_view.py", line 2089, in api_status
    'total_points': user_data.get('xp', 0),  # Use analytics XP for total
                    ^^^^^^^^^^^^^
AttributeError: 'NoneType' object has no attribute 'get'
2025-08-12 19:37:48,112 - root - ERROR: Request error: 'NoneType' object has no attribute 'get'
2025-08-12 19:37:53,710 - views.web_view - ERROR: Exception on /api/status [GET]
Traceback (most recent call last):
  File "/home/retiredfan/Documents/github/Linux-test/Linux-Practice/linux_plus_study_v3/views/web_view.py", line 2072, in api_status
    'total_points': user_data['xp'],  # Use analytics XP for total accumulated points
                    ~~~~~~~~~^^^^^^
TypeError: 'NoneType' object is not subscriptable

During handling of the above exception, another exception occurred:

Traceback (most recent call last):
  File "/home/retiredfan/.local/lib/python3.12/site-packages/flask/app.py", line 1511, in wsgi_app
    response = self.full_dispatch_request()
               ^^^^^^^^^^^^^^^^^^^^^^^^^^^^
  File "/home/retiredfan/.local/lib/python3.12/site-packages/flask/app.py", line 919, in full_dispatch_request
    rv = self.handle_user_exception(e)
         ^^^^^^^^^^^^^^^^^^^^^^^^^^^^^
  File "/home/retiredfan/.local/lib/python3.12/site-packages/flask/app.py", line 917, in full_dispatch_request
    rv = self.dispatch_request()
         ^^^^^^^^^^^^^^^^^^^^^^^
  File "/home/retiredfan/.local/lib/python3.12/site-packages/flask/app.py", line 902, in dispatch_request
    return self.ensure_sync(self.view_functions[rule.endpoint])(**view_args)  # type: ignore[no-any-return]
           ^^^^^^^^^^^^^^^^^^^^^^^^^^^^^^^^^^^^^^^^^^^^^^^^^^^^^^^^^^^^^^^^^
  File "/home/retiredfan/Documents/github/Linux-test/Linux-Practice/linux_plus_study_v3/views/web_view.py", line 2089, in api_status
    'total_points': user_data.get('xp', 0),  # Use analytics XP for total
                    ^^^^^^^^^^^^^
AttributeError: 'NoneType' object has no attribute 'get'
2025-08-12 19:37:53,711 - root - ERROR: Request error: 'NoneType' object has no attribute 'get'
2025-08-12 19:38:02,626 - views.web_view - ERROR: Dashboard API error: 'NoneType' object has no attribute 'update'
2025-08-12 19:40:39,452 - __main__ - INFO: Received signal 2, initiating graceful shutdown
2025-08-12 19:40:39,453 - utils.database - INFO: All database connections closed
2025-08-12 19:40:41,371 - __main__ - INFO: Linux Plus Study System logging initialized
2025-08-12 19:40:41,371 - __main__ - INFO: Starting web application mode
2025-08-12 19:40:41,372 - utils.persistence_manager - INFO: Persistence Manager initialized
2025-08-12 19:40:41,372 - utils.database - INFO: Initializing sqlite without connection pooling
2025-08-12 19:40:41,379 - utils.database - INFO: Database connection test successful
2025-08-12 19:40:41,391 - __main__ - INFO: Web application components loaded successfully
2025-08-12 19:40:41,411 - views.web_view - WARNING: VM management features not available - vm_integration module not found
2025-08-12 19:40:41,414 - __main__ - INFO: Web interface loaded successfully - Starting server on 127.0.0.1:5000
2025-08-12 19:40:48,622 - views.web_view - ERROR: Dashboard API error: 'NoneType' object has no attribute 'update'
2025-08-12 19:41:01,763 - views.web_view - ERROR: Reset profile error: 'NoneType' object does not support item assignment
2025-08-12 19:41:06,690 - views.web_view - ERROR: Reset profile error: 'NoneType' object does not support item assignment
2025-08-12 19:41:11,587 - views.web_view - ERROR: Reset profile error: 'NoneType' object does not support item assignment
2025-08-12 19:42:57,356 - __main__ - INFO: Received signal 2, initiating graceful shutdown
2025-08-12 19:42:57,356 - utils.database - INFO: All database connections closed
2025-08-12 19:42:59,371 - __main__ - INFO: Linux Plus Study System logging initialized
2025-08-12 19:42:59,371 - __main__ - INFO: Starting web application mode
2025-08-12 19:42:59,371 - utils.persistence_manager - INFO: Persistence Manager initialized
2025-08-12 19:42:59,371 - utils.database - INFO: Initializing sqlite without connection pooling
2025-08-12 19:42:59,377 - utils.database - INFO: Database connection test successful
2025-08-12 19:42:59,389 - __main__ - INFO: Web application components loaded successfully
2025-08-12 19:42:59,407 - views.web_view - WARNING: VM management features not available - vm_integration module not found
2025-08-12 19:42:59,410 - __main__ - INFO: Web interface loaded successfully - Starting server on 127.0.0.1:5000
2025-08-12 19:43:09,673 - views.web_view - ERROR: Dashboard API error: 'NoneType' object has no attribute 'update'
2025-08-12 19:43:27,387 - views.web_view - ERROR: Dashboard API error: 'NoneType' object has no attribute 'update'
2025-08-12 19:44:09,233 - views.web_view - INFO: Starting clear statistics operation
2025-08-12 19:44:09,284 - views.web_view - INFO: Cleared 0 analytics records
2025-08-12 19:44:09,286 - views.web_view - INFO: Reset game state data
2025-08-12 19:44:09,286 - views.web_view - INFO: Reset quiz controller session
2025-08-12 19:44:09,295 - views.web_view - INFO: Reset time tracking data
2025-08-12 19:44:09,296 - views.web_view - INFO: Reset achievements file
2025-08-12 19:44:09,297 - views.web_view - INFO: Reset history file
2025-08-12 19:44:09,297 - views.web_view - INFO: Clear statistics operation completed successfully
2025-08-12 19:44:11,548 - views.web_view - ERROR: Dashboard API error: 'NoneType' object has no attribute 'update'
2025-08-12 19:44:19,982 - views.web_view - ERROR: Dashboard API error: 'NoneType' object has no attribute 'update'
2025-08-12 19:44:36,461 - views.web_view - ERROR: Dashboard API error: 'NoneType' object has no attribute 'update'
2025-08-13 13:37:32,426 - __main__ - INFO: Linux Plus Study System logging initialized
2025-08-13 13:37:32,426 - __main__ - INFO: Starting web application mode
2025-08-13 13:37:32,426 - utils.persistence_manager - INFO: Persistence Manager initialized
2025-08-13 13:37:32,427 - utils.database - INFO: Initializing sqlite without connection pooling
2025-08-13 13:37:32,435 - utils.database - INFO: Database connection test successful
2025-08-13 13:37:32,447 - __main__ - INFO: Web application components loaded successfully
2025-08-13 13:37:32,468 - views.web_view - WARNING: VM management features not available - vm_integration module not found
2025-08-13 13:37:32,471 - __main__ - INFO: Web interface loaded successfully - Starting server on 127.0.0.1:5000
2025-08-13 13:45:44,011 - __main__ - INFO: Received signal 2, initiating graceful shutdown
2025-08-13 13:45:44,011 - utils.database - INFO: All database connections closed
2025-08-13 13:45:45,097 - __main__ - INFO: Linux Plus Study System logging initialized
2025-08-13 13:45:45,097 - __main__ - INFO: Starting web application mode
2025-08-13 13:45:45,097 - utils.persistence_manager - INFO: Persistence Manager initialized
2025-08-13 13:45:45,097 - utils.database - INFO: Initializing sqlite without connection pooling
2025-08-13 13:45:45,104 - utils.database - INFO: Database connection test successful
2025-08-13 13:45:45,117 - __main__ - INFO: Web application components loaded successfully
2025-08-13 13:45:45,136 - views.web_view - WARNING: VM management features not available - vm_integration module not found
2025-08-13 13:45:45,139 - __main__ - INFO: Web interface loaded successfully - Starting server on 127.0.0.1:5000
2025-08-13 14:52:01,973 - __main__ - INFO: Linux Plus Study System logging initialized
2025-08-13 14:52:01,974 - __main__ - INFO: Starting web application mode
2025-08-13 14:52:01,974 - utils.persistence_manager - INFO: Persistence Manager initialized
2025-08-13 14:52:01,974 - utils.database - INFO: Initializing sqlite without connection pooling
2025-08-13 14:52:01,984 - utils.database - INFO: Database connection test successful
2025-08-13 14:52:01,998 - __main__ - INFO: Web application components loaded successfully
2025-08-13 14:52:02,018 - views.web_view - WARNING: VM management features not available - vm_integration module not found
2025-08-13 14:52:02,022 - __main__ - INFO: Web interface loaded successfully - Starting server on 127.0.0.1:5000
2025-08-13 15:11:08,909 - __main__ - INFO: Linux Plus Study System logging initialized
2025-08-13 15:11:08,909 - __main__ - INFO: Starting web application mode
2025-08-13 15:11:08,910 - utils.persistence_manager - INFO: Persistence Manager initialized
2025-08-13 15:11:08,911 - utils.database - INFO: Initializing sqlite without connection pooling
2025-08-13 15:11:08,917 - utils.database - INFO: Database connection test successful
2025-08-13 15:11:08,928 - __main__ - INFO: Web application components loaded successfully
2025-08-13 15:11:08,946 - views.web_view - WARNING: VM management features not available - vm_integration module not found
2025-08-13 15:11:08,949 - __main__ - INFO: Web interface loaded successfully - Starting server on 127.0.0.1:5001
2025-08-13 15:13:00,523 - __main__ - INFO: Received signal 2, initiating graceful shutdown
2025-08-13 15:13:00,523 - utils.database - INFO: All database connections closed
2025-08-13 15:13:01,549 - __main__ - INFO: Linux Plus Study System logging initialized
2025-08-13 15:13:01,549 - __main__ - INFO: Starting web application mode
2025-08-13 15:13:01,550 - utils.persistence_manager - INFO: Persistence Manager initialized
2025-08-13 15:13:01,550 - utils.database - INFO: Initializing sqlite without connection pooling
2025-08-13 15:13:01,557 - utils.database - INFO: Database connection test successful
2025-08-13 15:13:01,565 - utils.database - ERROR: Database session error: (sqlite3.OperationalError) no such table: user_achievements
[SQL: SELECT user_achievements.id AS user_achievements_id, user_achievements.user_id AS user_achievements_user_id, user_achievements.badges AS user_achievements_badges, user_achievements.points_earned AS user_achievements_points_earned, user_achievements.days_studied AS user_achievements_days_studied, user_achievements.questions_answered AS user_achievements_questions_answered, user_achievements.streaks_achieved AS user_achievements_streaks_achieved, user_achievements.perfect_sessions AS user_achievements_perfect_sessions, user_achievements.daily_warrior_dates AS user_achievements_daily_warrior_dates, user_achievements.leaderboard AS user_achievements_leaderboard, user_achievements.survival_high_score AS user_achievements_survival_high_score, user_achievements.survival_high_score_xp AS user_achievements_survival_high_score_xp, user_achievements.custom_achievements AS user_achievements_custom_achievements, user_achievements.created_at AS user_achievements_created_at, user_achievements.updated_at AS user_achievements_updated_at 
FROM user_achievements 
WHERE user_achievements.user_id = ?
 LIMIT ? OFFSET ?]
[parameters: ('anonymous', 1, 0)]
(Background on this error at: https://sqlalche.me/e/20/e3q8)
2025-08-13 15:13:01,566 - __main__ - ERROR: Web application error: (sqlite3.OperationalError) no such table: user_achievements
[SQL: SELECT user_achievements.id AS user_achievements_id, user_achievements.user_id AS user_achievements_user_id, user_achievements.badges AS user_achievements_badges, user_achievements.points_earned AS user_achievements_points_earned, user_achievements.days_studied AS user_achievements_days_studied, user_achievements.questions_answered AS user_achievements_questions_answered, user_achievements.streaks_achieved AS user_achievements_streaks_achieved, user_achievements.perfect_sessions AS user_achievements_perfect_sessions, user_achievements.daily_warrior_dates AS user_achievements_daily_warrior_dates, user_achievements.leaderboard AS user_achievements_leaderboard, user_achievements.survival_high_score AS user_achievements_survival_high_score, user_achievements.survival_high_score_xp AS user_achievements_survival_high_score_xp, user_achievements.custom_achievements AS user_achievements_custom_achievements, user_achievements.created_at AS user_achievements_created_at, user_achievements.updated_at AS user_achievements_updated_at 
FROM user_achievements 
WHERE user_achievements.user_id = ?
 LIMIT ? OFFSET ?]
[parameters: ('anonymous', 1, 0)]
(Background on this error at: https://sqlalche.me/e/20/e3q8)
Traceback (most recent call last):
  File "/home/retiredfan/.local/lib/python3.12/site-packages/sqlalchemy/engine/base.py", line 1963, in _exec_single_context
    self.dialect.do_execute(
  File "/home/retiredfan/.local/lib/python3.12/site-packages/sqlalchemy/engine/default.py", line 943, in do_execute
    cursor.execute(statement, parameters)
sqlite3.OperationalError: no such table: user_achievements

The above exception was the direct cause of the following exception:

Traceback (most recent call last):
  File "/home/retiredfan/Documents/github/Linux-test/Linux-Practice/linux_plus_study_v3/main.py", line 143, in run_web_application
    game_state = GameState()
                 ^^^^^^^^^^^
  File "/home/retiredfan/Documents/github/Linux-test/Linux-Practice/linux_plus_study_v3/models/game_state.py", line 93, in __init__
    self._sync_leaderboard_from_history()
  File "/home/retiredfan/Documents/github/Linux-test/Linux-Practice/linux_plus_study_v3/models/game_state.py", line 638, in _sync_leaderboard_from_history
    self.achievement_system.leaderboard = history_leaderboard
    ^^^^^^^^^^^^^^^^^^^^^^^^^^^^^^^^^^^
  File "/home/retiredfan/Documents/github/Linux-test/Linux-Practice/linux_plus_study_v3/models/db_achievement_system.py", line 82, in leaderboard
    self._save_user_achievement_data(leaderboard=value)
  File "/home/retiredfan/Documents/github/Linux-test/Linux-Practice/linux_plus_study_v3/models/db_achievement_system.py", line 55, in _save_user_achievement_data
    user_achievement = session.query(UserAchievement).filter_by(user_id=self.user_id).first()
                       ^^^^^^^^^^^^^^^^^^^^^^^^^^^^^^^^^^^^^^^^^^^^^^^^^^^^^^^^^^^^^^^^^^^^^^
  File "/home/retiredfan/.local/lib/python3.12/site-packages/sqlalchemy/orm/query.py", line 2759, in first
    return self.limit(1)._iter().first()  # type: ignore
           ^^^^^^^^^^^^^^^^^^^^^
  File "/home/retiredfan/.local/lib/python3.12/site-packages/sqlalchemy/orm/query.py", line 2857, in _iter
    result: Union[ScalarResult[_T], Result[_T]] = self.session.execute(
                                                  ^^^^^^^^^^^^^^^^^^^^^
  File "/home/retiredfan/.local/lib/python3.12/site-packages/sqlalchemy/orm/session.py", line 2365, in execute
    return self._execute_internal(
           ^^^^^^^^^^^^^^^^^^^^^^^
  File "/home/retiredfan/.local/lib/python3.12/site-packages/sqlalchemy/orm/session.py", line 2251, in _execute_internal
    result: Result[Any] = compile_state_cls.orm_execute_statement(
                          ^^^^^^^^^^^^^^^^^^^^^^^^^^^^^^^^^^^^^^^^
  File "/home/retiredfan/.local/lib/python3.12/site-packages/sqlalchemy/orm/context.py", line 306, in orm_execute_statement
    result = conn.execute(
             ^^^^^^^^^^^^^
  File "/home/retiredfan/.local/lib/python3.12/site-packages/sqlalchemy/engine/base.py", line 1415, in execute
    return meth(
           ^^^^^
  File "/home/retiredfan/.local/lib/python3.12/site-packages/sqlalchemy/sql/elements.py", line 523, in _execute_on_connection
    return connection._execute_clauseelement(
           ^^^^^^^^^^^^^^^^^^^^^^^^^^^^^^^^^^
  File "/home/retiredfan/.local/lib/python3.12/site-packages/sqlalchemy/engine/base.py", line 1637, in _execute_clauseelement
    ret = self._execute_context(
          ^^^^^^^^^^^^^^^^^^^^^^
  File "/home/retiredfan/.local/lib/python3.12/site-packages/sqlalchemy/engine/base.py", line 1842, in _execute_context
    return self._exec_single_context(
           ^^^^^^^^^^^^^^^^^^^^^^^^^^
  File "/home/retiredfan/.local/lib/python3.12/site-packages/sqlalchemy/engine/base.py", line 1982, in _exec_single_context
    self._handle_dbapi_exception(
  File "/home/retiredfan/.local/lib/python3.12/site-packages/sqlalchemy/engine/base.py", line 2351, in _handle_dbapi_exception
    raise sqlalchemy_exception.with_traceback(exc_info[2]) from e
  File "/home/retiredfan/.local/lib/python3.12/site-packages/sqlalchemy/engine/base.py", line 1963, in _exec_single_context
    self.dialect.do_execute(
  File "/home/retiredfan/.local/lib/python3.12/site-packages/sqlalchemy/engine/default.py", line 943, in do_execute
    cursor.execute(statement, parameters)
sqlalchemy.exc.OperationalError: (sqlite3.OperationalError) no such table: user_achievements
[SQL: SELECT user_achievements.id AS user_achievements_id, user_achievements.user_id AS user_achievements_user_id, user_achievements.badges AS user_achievements_badges, user_achievements.points_earned AS user_achievements_points_earned, user_achievements.days_studied AS user_achievements_days_studied, user_achievements.questions_answered AS user_achievements_questions_answered, user_achievements.streaks_achieved AS user_achievements_streaks_achieved, user_achievements.perfect_sessions AS user_achievements_perfect_sessions, user_achievements.daily_warrior_dates AS user_achievements_daily_warrior_dates, user_achievements.leaderboard AS user_achievements_leaderboard, user_achievements.survival_high_score AS user_achievements_survival_high_score, user_achievements.survival_high_score_xp AS user_achievements_survival_high_score_xp, user_achievements.custom_achievements AS user_achievements_custom_achievements, user_achievements.created_at AS user_achievements_created_at, user_achievements.updated_at AS user_achievements_updated_at 
FROM user_achievements 
WHERE user_achievements.user_id = ?
 LIMIT ? OFFSET ?]
[parameters: ('anonymous', 1, 0)]
(Background on this error at: https://sqlalche.me/e/20/e3q8)
2025-08-13 15:13:01,570 - utils.database - INFO: All database connections closed
2025-08-13 15:16:35,260 - __main__ - INFO: Linux Plus Study System logging initialized
2025-08-13 15:16:35,260 - __main__ - INFO: Starting web application mode
2025-08-13 15:16:35,260 - utils.persistence_manager - INFO: Persistence Manager initialized
2025-08-13 15:16:35,274 - models.question_db - INFO: Loaded 12 questions from database
2025-08-13 15:16:35,277 - utils.db_connections - ERROR: Database session error for achievements: 'UserAchievement' object has no attribute 'to_dict'
2025-08-13 15:16:35,278 - __main__ - ERROR: Web application error: 'UserAchievement' object has no attribute 'to_dict'
Traceback (most recent call last):
  File "/home/retiredfan/Documents/github/Linux-test/Linux-Practice/linux_plus_study_v3/main.py", line 143, in run_web_application
    game_state = GameState()
                 ^^^^^^^^^^^
  File "/home/retiredfan/Documents/github/Linux-test/Linux-Practice/linux_plus_study_v3/models/game_state.py", line 93, in __init__
    self._sync_leaderboard_from_history()
  File "/home/retiredfan/Documents/github/Linux-test/Linux-Practice/linux_plus_study_v3/models/game_state.py", line 641, in _sync_leaderboard_from_history
    if "leaderboard" not in self.achievement_system.achievements:
                            ^^^^^^^^^^^^^^^^^^^^^^^^^^^^^^^^^^^^
  File "/home/retiredfan/Documents/github/Linux-test/Linux-Practice/linux_plus_study_v3/models/db_achievement_system.py", line 71, in achievements
    return user_achievement.to_dict()
           ^^^^^^^^^^^^^^^^^^^^^^^^
AttributeError: 'UserAchievement' object has no attribute 'to_dict'
2025-08-13 15:17:09,156 - __main__ - INFO: Linux Plus Study System logging initialized
2025-08-13 15:17:09,156 - __main__ - INFO: Starting web application mode
2025-08-13 15:17:09,157 - utils.persistence_manager - INFO: Persistence Manager initialized
2025-08-13 15:17:09,186 - models.question_db - INFO: Loaded 12 questions from database
2025-08-13 15:17:09,197 - utils.db_connections - ERROR: Database session error for achievements: 'UserAchievement' object has no attribute 'to_dict'
2025-08-13 15:17:09,197 - __main__ - ERROR: Web application error: 'UserAchievement' object has no attribute 'to_dict'
Traceback (most recent call last):
  File "/home/retiredfan/Documents/github/Linux-test/Linux-Practice/linux_plus_study_v3/main.py", line 143, in run_web_application
    game_state = GameState()
                 ^^^^^^^^^^^
  File "/home/retiredfan/Documents/github/Linux-test/Linux-Practice/linux_plus_study_v3/models/game_state.py", line 93, in __init__
    self._sync_leaderboard_from_history()
  File "/home/retiredfan/Documents/github/Linux-test/Linux-Practice/linux_plus_study_v3/models/game_state.py", line 641, in _sync_leaderboard_from_history
    if "leaderboard" not in self.achievement_system.achievements:
                            ^^^^^^^^^^^^^^^^^^^^^^^^^^^^^^^^^^^^
  File "/home/retiredfan/Documents/github/Linux-test/Linux-Practice/linux_plus_study_v3/models/db_achievement_system.py", line 71, in achievements
    return user_achievement.to_dict()
           ^^^^^^^^^^^^^^^^^^^^^^^^
AttributeError: 'UserAchievement' object has no attribute 'to_dict'
2025-08-13 15:17:21,537 - __main__ - INFO: Linux Plus Study System logging initialized
2025-08-13 15:17:21,538 - __main__ - INFO: Starting web application mode
2025-08-13 15:17:21,538 - utils.persistence_manager - INFO: Persistence Manager initialized
2025-08-13 15:17:21,559 - models.question_db - INFO: Loaded 12 questions from database
2025-08-13 15:17:21,568 - __main__ - INFO: Web application components loaded successfully
2025-08-13 15:17:21,570 - utils.persistence_manager - INFO: Created file with defaults: /home/retiredfan/Documents/github/Linux-test/Linux-Practice/linux_plus_study_v3/web_settings.json
2025-08-13 15:17:21,580 - utils.database - INFO: Initializing sqlite without connection pooling
2025-08-13 15:17:21,582 - utils.database - INFO: Database connection test successful
2025-08-13 15:17:21,599 - views.web_view - WARNING: VM management features not available - vm_integration module not found
2025-08-13 15:17:21,605 - __main__ - INFO: Web interface loaded successfully - Starting server on 127.0.0.1:5000
2025-08-13 15:17:25,665 - utils.database - ERROR: Database session error: (sqlite3.OperationalError) no such table: time_tracking
[SQL: SELECT time_tracking.id AS time_tracking_id, time_tracking.user_id AS time_tracking_user_id, time_tracking.quiz_time_today AS time_tracking_quiz_time_today, time_tracking.last_quiz_reset AS time_tracking_last_quiz_reset, time_tracking.study_time_total AS time_tracking_study_time_total, time_tracking.daily_quiz_history AS time_tracking_daily_quiz_history, time_tracking.settings AS time_tracking_settings, time_tracking.created_at AS time_tracking_created_at, time_tracking.updated_at AS time_tracking_updated_at 
FROM time_tracking 
WHERE time_tracking.user_id = ?
 LIMIT ? OFFSET ?]
[parameters: ('anonymous', 1, 0)]
(Background on this error at: https://sqlalche.me/e/20/e3q8)
2025-08-13 15:17:25,666 - utils.database - ERROR: Database session error: (sqlite3.OperationalError) no such table: time_tracking
[SQL: SELECT time_tracking.id AS time_tracking_id, time_tracking.user_id AS time_tracking_user_id, time_tracking.quiz_time_today AS time_tracking_quiz_time_today, time_tracking.last_quiz_reset AS time_tracking_last_quiz_reset, time_tracking.study_time_total AS time_tracking_study_time_total, time_tracking.daily_quiz_history AS time_tracking_daily_quiz_history, time_tracking.settings AS time_tracking_settings, time_tracking.created_at AS time_tracking_created_at, time_tracking.updated_at AS time_tracking_updated_at 
FROM time_tracking 
WHERE time_tracking.user_id = ?
 LIMIT ? OFFSET ?]
[parameters: ('anonymous', 1, 0)]
(Background on this error at: https://sqlalche.me/e/20/e3q8)
2025-08-13 15:17:25,667 - utils.database - ERROR: Database session error: (sqlite3.OperationalError) no such table: time_tracking
[SQL: SELECT time_tracking.id AS time_tracking_id, time_tracking.user_id AS time_tracking_user_id, time_tracking.quiz_time_today AS time_tracking_quiz_time_today, time_tracking.last_quiz_reset AS time_tracking_last_quiz_reset, time_tracking.study_time_total AS time_tracking_study_time_total, time_tracking.daily_quiz_history AS time_tracking_daily_quiz_history, time_tracking.settings AS time_tracking_settings, time_tracking.created_at AS time_tracking_created_at, time_tracking.updated_at AS time_tracking_updated_at 
FROM time_tracking 
WHERE time_tracking.user_id = ?
 LIMIT ? OFFSET ?]
[parameters: ('anonymous', 1, 0)]
(Background on this error at: https://sqlalche.me/e/20/e3q8)
2025-08-13 15:17:25,668 - utils.database - ERROR: Database session error: (sqlite3.OperationalError) no such table: time_tracking
[SQL: SELECT time_tracking.id AS time_tracking_id, time_tracking.user_id AS time_tracking_user_id, time_tracking.quiz_time_today AS time_tracking_quiz_time_today, time_tracking.last_quiz_reset AS time_tracking_last_quiz_reset, time_tracking.study_time_total AS time_tracking_study_time_total, time_tracking.daily_quiz_history AS time_tracking_daily_quiz_history, time_tracking.settings AS time_tracking_settings, time_tracking.created_at AS time_tracking_created_at, time_tracking.updated_at AS time_tracking_updated_at 
FROM time_tracking 
WHERE time_tracking.user_id = ?
 LIMIT ? OFFSET ?]
[parameters: ('anonymous', 1, 0)]
(Background on this error at: https://sqlalche.me/e/20/e3q8)
2025-08-13 15:17:37,110 - utils.database - ERROR: Database session error: (sqlite3.OperationalError) no such table: time_tracking
[SQL: SELECT time_tracking.id AS time_tracking_id, time_tracking.user_id AS time_tracking_user_id, time_tracking.quiz_time_today AS time_tracking_quiz_time_today, time_tracking.last_quiz_reset AS time_tracking_last_quiz_reset, time_tracking.study_time_total AS time_tracking_study_time_total, time_tracking.daily_quiz_history AS time_tracking_daily_quiz_history, time_tracking.settings AS time_tracking_settings, time_tracking.created_at AS time_tracking_created_at, time_tracking.updated_at AS time_tracking_updated_at 
FROM time_tracking 
WHERE time_tracking.user_id = ?
 LIMIT ? OFFSET ?]
[parameters: ('anonymous', 1, 0)]
(Background on this error at: https://sqlalche.me/e/20/e3q8)
2025-08-13 15:17:37,111 - utils.database - ERROR: Database session error: (sqlite3.OperationalError) no such table: time_tracking
[SQL: SELECT time_tracking.id AS time_tracking_id, time_tracking.user_id AS time_tracking_user_id, time_tracking.quiz_time_today AS time_tracking_quiz_time_today, time_tracking.last_quiz_reset AS time_tracking_last_quiz_reset, time_tracking.study_time_total AS time_tracking_study_time_total, time_tracking.daily_quiz_history AS time_tracking_daily_quiz_history, time_tracking.settings AS time_tracking_settings, time_tracking.created_at AS time_tracking_created_at, time_tracking.updated_at AS time_tracking_updated_at 
FROM time_tracking 
WHERE time_tracking.user_id = ?
 LIMIT ? OFFSET ?]
[parameters: ('anonymous', 1, 0)]
(Background on this error at: https://sqlalche.me/e/20/e3q8)
2025-08-13 15:17:37,112 - utils.database - ERROR: Database session error: (sqlite3.OperationalError) no such table: time_tracking
[SQL: SELECT time_tracking.id AS time_tracking_id, time_tracking.user_id AS time_tracking_user_id, time_tracking.quiz_time_today AS time_tracking_quiz_time_today, time_tracking.last_quiz_reset AS time_tracking_last_quiz_reset, time_tracking.study_time_total AS time_tracking_study_time_total, time_tracking.daily_quiz_history AS time_tracking_daily_quiz_history, time_tracking.settings AS time_tracking_settings, time_tracking.created_at AS time_tracking_created_at, time_tracking.updated_at AS time_tracking_updated_at 
FROM time_tracking 
WHERE time_tracking.user_id = ?
 LIMIT ? OFFSET ?]
[parameters: ('anonymous', 1, 0)]
(Background on this error at: https://sqlalche.me/e/20/e3q8)
2025-08-13 15:17:37,113 - utils.database - ERROR: Database session error: (sqlite3.OperationalError) no such table: time_tracking
[SQL: SELECT time_tracking.id AS time_tracking_id, time_tracking.user_id AS time_tracking_user_id, time_tracking.quiz_time_today AS time_tracking_quiz_time_today, time_tracking.last_quiz_reset AS time_tracking_last_quiz_reset, time_tracking.study_time_total AS time_tracking_study_time_total, time_tracking.daily_quiz_history AS time_tracking_daily_quiz_history, time_tracking.settings AS time_tracking_settings, time_tracking.created_at AS time_tracking_created_at, time_tracking.updated_at AS time_tracking_updated_at 
FROM time_tracking 
WHERE time_tracking.user_id = ?
 LIMIT ? OFFSET ?]
[parameters: ('anonymous', 1, 0)]
(Background on this error at: https://sqlalche.me/e/20/e3q8)
2025-08-13 15:17:59,153 - __main__ - INFO: Linux Plus Study System logging initialized
2025-08-13 15:17:59,154 - __main__ - INFO: Starting web application mode
2025-08-13 15:17:59,154 - utils.persistence_manager - INFO: Persistence Manager initialized
2025-08-13 15:17:59,190 - models.question_db - INFO: Loaded 12 questions from database
2025-08-13 15:17:59,198 - __main__ - INFO: Web application components loaded successfully
2025-08-13 15:17:59,208 - utils.database - INFO: Initializing sqlite without connection pooling
2025-08-13 15:17:59,210 - utils.database - INFO: Database connection test successful
2025-08-13 15:17:59,223 - views.web_view - WARNING: VM management features not available - vm_integration module not found
2025-08-13 15:17:59,226 - __main__ - INFO: Web interface loaded successfully - Starting server on 127.0.0.1:5003
2025-08-13 15:18:48,201 - __main__ - INFO: Received signal 2, initiating graceful shutdown
2025-08-13 15:18:48,202 - utils.database - INFO: All database connections closed
2025-08-13 15:18:49,291 - __main__ - INFO: Linux Plus Study System logging initialized
2025-08-13 15:18:49,291 - __main__ - INFO: Starting web application mode
2025-08-13 15:18:49,292 - utils.persistence_manager - INFO: Persistence Manager initialized
2025-08-13 15:18:49,316 - models.question_db - INFO: Loaded 12 questions from database
2025-08-13 15:18:49,327 - __main__ - INFO: Web application components loaded successfully
2025-08-13 15:18:49,339 - utils.database - INFO: Initializing sqlite without connection pooling
2025-08-13 15:18:49,342 - utils.database - INFO: Database connection test successful
2025-08-13 15:18:49,357 - views.web_view - WARNING: VM management features not available - vm_integration module not found
2025-08-13 15:18:49,361 - __main__ - INFO: Web interface loaded successfully - Starting server on 127.0.0.1:5000
2025-08-13 15:18:52,817 - utils.database - ERROR: Database session error: (sqlite3.OperationalError) no such table: time_tracking
[SQL: SELECT time_tracking.id AS time_tracking_id, time_tracking.user_id AS time_tracking_user_id, time_tracking.quiz_time_today AS time_tracking_quiz_time_today, time_tracking.last_quiz_reset AS time_tracking_last_quiz_reset, time_tracking.study_time_total AS time_tracking_study_time_total, time_tracking.daily_quiz_history AS time_tracking_daily_quiz_history, time_tracking.settings AS time_tracking_settings, time_tracking.created_at AS time_tracking_created_at, time_tracking.updated_at AS time_tracking_updated_at 
FROM time_tracking 
WHERE time_tracking.user_id = ?
 LIMIT ? OFFSET ?]
[parameters: ('anonymous', 1, 0)]
(Background on this error at: https://sqlalche.me/e/20/e3q8)
2025-08-13 15:18:52,817 - utils.database - ERROR: Database session error: (sqlite3.OperationalError) no such table: time_tracking
[SQL: SELECT time_tracking.id AS time_tracking_id, time_tracking.user_id AS time_tracking_user_id, time_tracking.quiz_time_today AS time_tracking_quiz_time_today, time_tracking.last_quiz_reset AS time_tracking_last_quiz_reset, time_tracking.study_time_total AS time_tracking_study_time_total, time_tracking.daily_quiz_history AS time_tracking_daily_quiz_history, time_tracking.settings AS time_tracking_settings, time_tracking.created_at AS time_tracking_created_at, time_tracking.updated_at AS time_tracking_updated_at 
FROM time_tracking 
WHERE time_tracking.user_id = ?
 LIMIT ? OFFSET ?]
[parameters: ('anonymous', 1, 0)]
(Background on this error at: https://sqlalche.me/e/20/e3q8)
2025-08-13 15:18:52,818 - utils.database - ERROR: Database session error: (sqlite3.OperationalError) no such table: time_tracking
[SQL: SELECT time_tracking.id AS time_tracking_id, time_tracking.user_id AS time_tracking_user_id, time_tracking.quiz_time_today AS time_tracking_quiz_time_today, time_tracking.last_quiz_reset AS time_tracking_last_quiz_reset, time_tracking.study_time_total AS time_tracking_study_time_total, time_tracking.daily_quiz_history AS time_tracking_daily_quiz_history, time_tracking.settings AS time_tracking_settings, time_tracking.created_at AS time_tracking_created_at, time_tracking.updated_at AS time_tracking_updated_at 
FROM time_tracking 
WHERE time_tracking.user_id = ?
 LIMIT ? OFFSET ?]
[parameters: ('anonymous', 1, 0)]
(Background on this error at: https://sqlalche.me/e/20/e3q8)
2025-08-13 15:18:52,818 - utils.database - ERROR: Database session error: (sqlite3.OperationalError) no such table: time_tracking
[SQL: SELECT time_tracking.id AS time_tracking_id, time_tracking.user_id AS time_tracking_user_id, time_tracking.quiz_time_today AS time_tracking_quiz_time_today, time_tracking.last_quiz_reset AS time_tracking_last_quiz_reset, time_tracking.study_time_total AS time_tracking_study_time_total, time_tracking.daily_quiz_history AS time_tracking_daily_quiz_history, time_tracking.settings AS time_tracking_settings, time_tracking.created_at AS time_tracking_created_at, time_tracking.updated_at AS time_tracking_updated_at 
FROM time_tracking 
WHERE time_tracking.user_id = ?
 LIMIT ? OFFSET ?]
[parameters: ('anonymous', 1, 0)]
(Background on this error at: https://sqlalche.me/e/20/e3q8)
2025-08-13 15:19:10,001 - utils.database - ERROR: Database session error: (sqlite3.OperationalError) no such table: time_tracking
[SQL: SELECT time_tracking.id AS time_tracking_id, time_tracking.user_id AS time_tracking_user_id, time_tracking.quiz_time_today AS time_tracking_quiz_time_today, time_tracking.last_quiz_reset AS time_tracking_last_quiz_reset, time_tracking.study_time_total AS time_tracking_study_time_total, time_tracking.daily_quiz_history AS time_tracking_daily_quiz_history, time_tracking.settings AS time_tracking_settings, time_tracking.created_at AS time_tracking_created_at, time_tracking.updated_at AS time_tracking_updated_at 
FROM time_tracking 
WHERE time_tracking.user_id = ?
 LIMIT ? OFFSET ?]
[parameters: ('anonymous', 1, 0)]
(Background on this error at: https://sqlalche.me/e/20/e3q8)
2025-08-13 15:19:10,002 - utils.database - ERROR: Database session error: (sqlite3.OperationalError) no such table: time_tracking
[SQL: SELECT time_tracking.id AS time_tracking_id, time_tracking.user_id AS time_tracking_user_id, time_tracking.quiz_time_today AS time_tracking_quiz_time_today, time_tracking.last_quiz_reset AS time_tracking_last_quiz_reset, time_tracking.study_time_total AS time_tracking_study_time_total, time_tracking.daily_quiz_history AS time_tracking_daily_quiz_history, time_tracking.settings AS time_tracking_settings, time_tracking.created_at AS time_tracking_created_at, time_tracking.updated_at AS time_tracking_updated_at 
FROM time_tracking 
WHERE time_tracking.user_id = ?
 LIMIT ? OFFSET ?]
[parameters: ('anonymous', 1, 0)]
(Background on this error at: https://sqlalche.me/e/20/e3q8)
2025-08-13 15:19:10,003 - utils.database - ERROR: Database session error: (sqlite3.OperationalError) no such table: time_tracking
[SQL: SELECT time_tracking.id AS time_tracking_id, time_tracking.user_id AS time_tracking_user_id, time_tracking.quiz_time_today AS time_tracking_quiz_time_today, time_tracking.last_quiz_reset AS time_tracking_last_quiz_reset, time_tracking.study_time_total AS time_tracking_study_time_total, time_tracking.daily_quiz_history AS time_tracking_daily_quiz_history, time_tracking.settings AS time_tracking_settings, time_tracking.created_at AS time_tracking_created_at, time_tracking.updated_at AS time_tracking_updated_at 
FROM time_tracking 
WHERE time_tracking.user_id = ?
 LIMIT ? OFFSET ?]
[parameters: ('anonymous', 1, 0)]
(Background on this error at: https://sqlalche.me/e/20/e3q8)
2025-08-13 15:19:10,004 - utils.database - ERROR: Database session error: (sqlite3.OperationalError) no such table: time_tracking
[SQL: SELECT time_tracking.id AS time_tracking_id, time_tracking.user_id AS time_tracking_user_id, time_tracking.quiz_time_today AS time_tracking_quiz_time_today, time_tracking.last_quiz_reset AS time_tracking_last_quiz_reset, time_tracking.study_time_total AS time_tracking_study_time_total, time_tracking.daily_quiz_history AS time_tracking_daily_quiz_history, time_tracking.settings AS time_tracking_settings, time_tracking.created_at AS time_tracking_created_at, time_tracking.updated_at AS time_tracking_updated_at 
FROM time_tracking 
WHERE time_tracking.user_id = ?
 LIMIT ? OFFSET ?]
[parameters: ('anonymous', 1, 0)]
(Background on this error at: https://sqlalche.me/e/20/e3q8)
2025-08-13 15:20:13,667 - __main__ - INFO: Received signal 2, initiating graceful shutdown
2025-08-13 15:20:13,668 - utils.database - INFO: All database connections closed
2025-08-13 15:20:14,614 - __main__ - INFO: Linux Plus Study System logging initialized
2025-08-13 15:20:14,614 - __main__ - INFO: Starting web application mode
2025-08-13 15:20:14,615 - utils.persistence_manager - INFO: Persistence Manager initialized
2025-08-13 15:20:14,638 - models.question_db - INFO: Loaded 12 questions from database
2025-08-13 15:20:14,649 - __main__ - INFO: Web application components loaded successfully
2025-08-13 15:20:14,658 - utils.database - INFO: Initializing sqlite without connection pooling
2025-08-13 15:20:14,659 - utils.database - INFO: Database connection test successful
2025-08-13 15:20:14,673 - views.web_view - WARNING: VM management features not available - vm_integration module not found
2025-08-13 15:20:14,677 - __main__ - INFO: Web interface loaded successfully - Starting server on 127.0.0.1:5000
2025-08-13 15:20:39,370 - utils.database - ERROR: Database session error: (sqlite3.OperationalError) no such table: time_tracking
[SQL: SELECT time_tracking.id AS time_tracking_id, time_tracking.user_id AS time_tracking_user_id, time_tracking.quiz_time_today AS time_tracking_quiz_time_today, time_tracking.last_quiz_reset AS time_tracking_last_quiz_reset, time_tracking.study_time_total AS time_tracking_study_time_total, time_tracking.daily_quiz_history AS time_tracking_daily_quiz_history, time_tracking.settings AS time_tracking_settings, time_tracking.created_at AS time_tracking_created_at, time_tracking.updated_at AS time_tracking_updated_at 
FROM time_tracking 
WHERE time_tracking.user_id = ?
 LIMIT ? OFFSET ?]
[parameters: ('anonymous', 1, 0)]
(Background on this error at: https://sqlalche.me/e/20/e3q8)
2025-08-13 15:20:39,371 - utils.database - ERROR: Database session error: (sqlite3.OperationalError) no such table: time_tracking
[SQL: SELECT time_tracking.id AS time_tracking_id, time_tracking.user_id AS time_tracking_user_id, time_tracking.quiz_time_today AS time_tracking_quiz_time_today, time_tracking.last_quiz_reset AS time_tracking_last_quiz_reset, time_tracking.study_time_total AS time_tracking_study_time_total, time_tracking.daily_quiz_history AS time_tracking_daily_quiz_history, time_tracking.settings AS time_tracking_settings, time_tracking.created_at AS time_tracking_created_at, time_tracking.updated_at AS time_tracking_updated_at 
FROM time_tracking 
WHERE time_tracking.user_id = ?
 LIMIT ? OFFSET ?]
[parameters: ('anonymous', 1, 0)]
(Background on this error at: https://sqlalche.me/e/20/e3q8)
2025-08-13 15:20:39,372 - utils.database - ERROR: Database session error: (sqlite3.OperationalError) no such table: time_tracking
[SQL: SELECT time_tracking.id AS time_tracking_id, time_tracking.user_id AS time_tracking_user_id, time_tracking.quiz_time_today AS time_tracking_quiz_time_today, time_tracking.last_quiz_reset AS time_tracking_last_quiz_reset, time_tracking.study_time_total AS time_tracking_study_time_total, time_tracking.daily_quiz_history AS time_tracking_daily_quiz_history, time_tracking.settings AS time_tracking_settings, time_tracking.created_at AS time_tracking_created_at, time_tracking.updated_at AS time_tracking_updated_at 
FROM time_tracking 
WHERE time_tracking.user_id = ?
 LIMIT ? OFFSET ?]
[parameters: ('anonymous', 1, 0)]
(Background on this error at: https://sqlalche.me/e/20/e3q8)
2025-08-13 15:20:39,373 - utils.database - ERROR: Database session error: (sqlite3.OperationalError) no such table: time_tracking
[SQL: SELECT time_tracking.id AS time_tracking_id, time_tracking.user_id AS time_tracking_user_id, time_tracking.quiz_time_today AS time_tracking_quiz_time_today, time_tracking.last_quiz_reset AS time_tracking_last_quiz_reset, time_tracking.study_time_total AS time_tracking_study_time_total, time_tracking.daily_quiz_history AS time_tracking_daily_quiz_history, time_tracking.settings AS time_tracking_settings, time_tracking.created_at AS time_tracking_created_at, time_tracking.updated_at AS time_tracking_updated_at 
FROM time_tracking 
WHERE time_tracking.user_id = ?
 LIMIT ? OFFSET ?]
[parameters: ('anonymous', 1, 0)]
(Background on this error at: https://sqlalche.me/e/20/e3q8)
2025-08-13 15:20:52,406 - utils.database - ERROR: Database session error: (sqlite3.OperationalError) no such table: time_tracking
[SQL: SELECT time_tracking.id AS time_tracking_id, time_tracking.user_id AS time_tracking_user_id, time_tracking.quiz_time_today AS time_tracking_quiz_time_today, time_tracking.last_quiz_reset AS time_tracking_last_quiz_reset, time_tracking.study_time_total AS time_tracking_study_time_total, time_tracking.daily_quiz_history AS time_tracking_daily_quiz_history, time_tracking.settings AS time_tracking_settings, time_tracking.created_at AS time_tracking_created_at, time_tracking.updated_at AS time_tracking_updated_at 
FROM time_tracking 
WHERE time_tracking.user_id = ?
 LIMIT ? OFFSET ?]
[parameters: ('anonymous', 1, 0)]
(Background on this error at: https://sqlalche.me/e/20/e3q8)
2025-08-13 15:20:52,407 - utils.database - ERROR: Database session error: (sqlite3.OperationalError) no such table: time_tracking
[SQL: SELECT time_tracking.id AS time_tracking_id, time_tracking.user_id AS time_tracking_user_id, time_tracking.quiz_time_today AS time_tracking_quiz_time_today, time_tracking.last_quiz_reset AS time_tracking_last_quiz_reset, time_tracking.study_time_total AS time_tracking_study_time_total, time_tracking.daily_quiz_history AS time_tracking_daily_quiz_history, time_tracking.settings AS time_tracking_settings, time_tracking.created_at AS time_tracking_created_at, time_tracking.updated_at AS time_tracking_updated_at 
FROM time_tracking 
WHERE time_tracking.user_id = ?
 LIMIT ? OFFSET ?]
[parameters: ('anonymous', 1, 0)]
(Background on this error at: https://sqlalche.me/e/20/e3q8)
2025-08-13 15:20:52,408 - utils.database - ERROR: Database session error: (sqlite3.OperationalError) no such table: time_tracking
[SQL: SELECT time_tracking.id AS time_tracking_id, time_tracking.user_id AS time_tracking_user_id, time_tracking.quiz_time_today AS time_tracking_quiz_time_today, time_tracking.last_quiz_reset AS time_tracking_last_quiz_reset, time_tracking.study_time_total AS time_tracking_study_time_total, time_tracking.daily_quiz_history AS time_tracking_daily_quiz_history, time_tracking.settings AS time_tracking_settings, time_tracking.created_at AS time_tracking_created_at, time_tracking.updated_at AS time_tracking_updated_at 
FROM time_tracking 
WHERE time_tracking.user_id = ?
 LIMIT ? OFFSET ?]
[parameters: ('anonymous', 1, 0)]
(Background on this error at: https://sqlalche.me/e/20/e3q8)
2025-08-13 15:20:52,408 - utils.database - ERROR: Database session error: (sqlite3.OperationalError) no such table: time_tracking
[SQL: SELECT time_tracking.id AS time_tracking_id, time_tracking.user_id AS time_tracking_user_id, time_tracking.quiz_time_today AS time_tracking_quiz_time_today, time_tracking.last_quiz_reset AS time_tracking_last_quiz_reset, time_tracking.study_time_total AS time_tracking_study_time_total, time_tracking.daily_quiz_history AS time_tracking_daily_quiz_history, time_tracking.settings AS time_tracking_settings, time_tracking.created_at AS time_tracking_created_at, time_tracking.updated_at AS time_tracking_updated_at 
FROM time_tracking 
WHERE time_tracking.user_id = ?
 LIMIT ? OFFSET ?]
[parameters: ('anonymous', 1, 0)]
(Background on this error at: https://sqlalche.me/e/20/e3q8)
2025-08-13 15:24:24,708 - views.web_view - ERROR: Get system settings error: attribute name must be string, not 'NoneType'
2025-08-13 15:24:29,695 - views.web_view - INFO: Starting clear statistics operation
2025-08-13 15:24:30,010 - views.web_view - INFO: Cleared 0 analytics records
2025-08-13 15:24:30,011 - views.web_view - INFO: Reset game state data
2025-08-13 15:24:30,012 - views.web_view - INFO: Reset quiz controller session
2025-08-13 15:24:30,012 - utils.database - ERROR: Database session error: (sqlite3.OperationalError) no such table: time_tracking
[SQL: SELECT time_tracking.id AS time_tracking_id, time_tracking.user_id AS time_tracking_user_id, time_tracking.quiz_time_today AS time_tracking_quiz_time_today, time_tracking.last_quiz_reset AS time_tracking_last_quiz_reset, time_tracking.study_time_total AS time_tracking_study_time_total, time_tracking.daily_quiz_history AS time_tracking_daily_quiz_history, time_tracking.settings AS time_tracking_settings, time_tracking.created_at AS time_tracking_created_at, time_tracking.updated_at AS time_tracking_updated_at 
FROM time_tracking 
WHERE time_tracking.user_id = ?
 LIMIT ? OFFSET ?]
[parameters: ('anonymous', 1, 0)]
(Background on this error at: https://sqlalche.me/e/20/e3q8)
2025-08-13 15:24:30,013 - views.web_view - INFO: Reset time tracking data
2025-08-13 15:24:30,015 - views.web_view - INFO: Reset achievements file
2025-08-13 15:24:30,022 - views.web_view - INFO: Reset history file
2025-08-13 15:24:30,022 - views.web_view - INFO: Clear statistics operation completed successfully
2025-08-13 15:24:35,802 - utils.database - ERROR: Database session error: (sqlite3.OperationalError) no such table: time_tracking
[SQL: SELECT time_tracking.id AS time_tracking_id, time_tracking.user_id AS time_tracking_user_id, time_tracking.quiz_time_today AS time_tracking_quiz_time_today, time_tracking.last_quiz_reset AS time_tracking_last_quiz_reset, time_tracking.study_time_total AS time_tracking_study_time_total, time_tracking.daily_quiz_history AS time_tracking_daily_quiz_history, time_tracking.settings AS time_tracking_settings, time_tracking.created_at AS time_tracking_created_at, time_tracking.updated_at AS time_tracking_updated_at 
FROM time_tracking 
WHERE time_tracking.user_id = ?
 LIMIT ? OFFSET ?]
[parameters: ('anonymous', 1, 0)]
(Background on this error at: https://sqlalche.me/e/20/e3q8)
2025-08-13 15:24:35,803 - utils.database - ERROR: Database session error: (sqlite3.OperationalError) no such table: time_tracking
[SQL: SELECT time_tracking.id AS time_tracking_id, time_tracking.user_id AS time_tracking_user_id, time_tracking.quiz_time_today AS time_tracking_quiz_time_today, time_tracking.last_quiz_reset AS time_tracking_last_quiz_reset, time_tracking.study_time_total AS time_tracking_study_time_total, time_tracking.daily_quiz_history AS time_tracking_daily_quiz_history, time_tracking.settings AS time_tracking_settings, time_tracking.created_at AS time_tracking_created_at, time_tracking.updated_at AS time_tracking_updated_at 
FROM time_tracking 
WHERE time_tracking.user_id = ?
 LIMIT ? OFFSET ?]
[parameters: ('anonymous', 1, 0)]
(Background on this error at: https://sqlalche.me/e/20/e3q8)
2025-08-13 15:24:35,804 - utils.database - ERROR: Database session error: (sqlite3.OperationalError) no such table: time_tracking
[SQL: SELECT time_tracking.id AS time_tracking_id, time_tracking.user_id AS time_tracking_user_id, time_tracking.quiz_time_today AS time_tracking_quiz_time_today, time_tracking.last_quiz_reset AS time_tracking_last_quiz_reset, time_tracking.study_time_total AS time_tracking_study_time_total, time_tracking.daily_quiz_history AS time_tracking_daily_quiz_history, time_tracking.settings AS time_tracking_settings, time_tracking.created_at AS time_tracking_created_at, time_tracking.updated_at AS time_tracking_updated_at 
FROM time_tracking 
WHERE time_tracking.user_id = ?
 LIMIT ? OFFSET ?]
[parameters: ('anonymous', 1, 0)]
(Background on this error at: https://sqlalche.me/e/20/e3q8)
2025-08-13 15:24:35,804 - utils.database - ERROR: Database session error: (sqlite3.OperationalError) no such table: time_tracking
[SQL: SELECT time_tracking.id AS time_tracking_id, time_tracking.user_id AS time_tracking_user_id, time_tracking.quiz_time_today AS time_tracking_quiz_time_today, time_tracking.last_quiz_reset AS time_tracking_last_quiz_reset, time_tracking.study_time_total AS time_tracking_study_time_total, time_tracking.daily_quiz_history AS time_tracking_daily_quiz_history, time_tracking.settings AS time_tracking_settings, time_tracking.created_at AS time_tracking_created_at, time_tracking.updated_at AS time_tracking_updated_at 
FROM time_tracking 
WHERE time_tracking.user_id = ?
 LIMIT ? OFFSET ?]
[parameters: ('anonymous', 1, 0)]
(Background on this error at: https://sqlalche.me/e/20/e3q8)
2025-08-13 15:25:11,721 - utils.database - ERROR: Database session error: (sqlite3.OperationalError) no such table: time_tracking
[SQL: SELECT time_tracking.id AS time_tracking_id, time_tracking.user_id AS time_tracking_user_id, time_tracking.quiz_time_today AS time_tracking_quiz_time_today, time_tracking.last_quiz_reset AS time_tracking_last_quiz_reset, time_tracking.study_time_total AS time_tracking_study_time_total, time_tracking.daily_quiz_history AS time_tracking_daily_quiz_history, time_tracking.settings AS time_tracking_settings, time_tracking.created_at AS time_tracking_created_at, time_tracking.updated_at AS time_tracking_updated_at 
FROM time_tracking 
WHERE time_tracking.user_id = ?
 LIMIT ? OFFSET ?]
[parameters: ('anonymous', 1, 0)]
(Background on this error at: https://sqlalche.me/e/20/e3q8)
2025-08-13 15:25:11,721 - utils.database - ERROR: Database session error: (sqlite3.OperationalError) no such table: time_tracking
[SQL: SELECT time_tracking.id AS time_tracking_id, time_tracking.user_id AS time_tracking_user_id, time_tracking.quiz_time_today AS time_tracking_quiz_time_today, time_tracking.last_quiz_reset AS time_tracking_last_quiz_reset, time_tracking.study_time_total AS time_tracking_study_time_total, time_tracking.daily_quiz_history AS time_tracking_daily_quiz_history, time_tracking.settings AS time_tracking_settings, time_tracking.created_at AS time_tracking_created_at, time_tracking.updated_at AS time_tracking_updated_at 
FROM time_tracking 
WHERE time_tracking.user_id = ?
 LIMIT ? OFFSET ?]
[parameters: ('anonymous', 1, 0)]
(Background on this error at: https://sqlalche.me/e/20/e3q8)
2025-08-13 15:25:11,722 - utils.database - ERROR: Database session error: (sqlite3.OperationalError) no such table: time_tracking
[SQL: SELECT time_tracking.id AS time_tracking_id, time_tracking.user_id AS time_tracking_user_id, time_tracking.quiz_time_today AS time_tracking_quiz_time_today, time_tracking.last_quiz_reset AS time_tracking_last_quiz_reset, time_tracking.study_time_total AS time_tracking_study_time_total, time_tracking.daily_quiz_history AS time_tracking_daily_quiz_history, time_tracking.settings AS time_tracking_settings, time_tracking.created_at AS time_tracking_created_at, time_tracking.updated_at AS time_tracking_updated_at 
FROM time_tracking 
WHERE time_tracking.user_id = ?
 LIMIT ? OFFSET ?]
[parameters: ('anonymous', 1, 0)]
(Background on this error at: https://sqlalche.me/e/20/e3q8)
2025-08-13 15:25:11,723 - utils.database - ERROR: Database session error: (sqlite3.OperationalError) no such table: time_tracking
[SQL: SELECT time_tracking.id AS time_tracking_id, time_tracking.user_id AS time_tracking_user_id, time_tracking.quiz_time_today AS time_tracking_quiz_time_today, time_tracking.last_quiz_reset AS time_tracking_last_quiz_reset, time_tracking.study_time_total AS time_tracking_study_time_total, time_tracking.daily_quiz_history AS time_tracking_daily_quiz_history, time_tracking.settings AS time_tracking_settings, time_tracking.created_at AS time_tracking_created_at, time_tracking.updated_at AS time_tracking_updated_at 
FROM time_tracking 
WHERE time_tracking.user_id = ?
 LIMIT ? OFFSET ?]
[parameters: ('anonymous', 1, 0)]
(Background on this error at: https://sqlalche.me/e/20/e3q8)
2025-08-13 15:25:30,003 - utils.database - ERROR: Database session error: (sqlite3.OperationalError) no such table: time_tracking
[SQL: SELECT time_tracking.id AS time_tracking_id, time_tracking.user_id AS time_tracking_user_id, time_tracking.quiz_time_today AS time_tracking_quiz_time_today, time_tracking.last_quiz_reset AS time_tracking_last_quiz_reset, time_tracking.study_time_total AS time_tracking_study_time_total, time_tracking.daily_quiz_history AS time_tracking_daily_quiz_history, time_tracking.settings AS time_tracking_settings, time_tracking.created_at AS time_tracking_created_at, time_tracking.updated_at AS time_tracking_updated_at 
FROM time_tracking 
WHERE time_tracking.user_id = ?
 LIMIT ? OFFSET ?]
[parameters: ('anonymous', 1, 0)]
(Background on this error at: https://sqlalche.me/e/20/e3q8)
2025-08-13 15:25:30,004 - utils.database - ERROR: Database session error: (sqlite3.OperationalError) no such table: time_tracking
[SQL: SELECT time_tracking.id AS time_tracking_id, time_tracking.user_id AS time_tracking_user_id, time_tracking.quiz_time_today AS time_tracking_quiz_time_today, time_tracking.last_quiz_reset AS time_tracking_last_quiz_reset, time_tracking.study_time_total AS time_tracking_study_time_total, time_tracking.daily_quiz_history AS time_tracking_daily_quiz_history, time_tracking.settings AS time_tracking_settings, time_tracking.created_at AS time_tracking_created_at, time_tracking.updated_at AS time_tracking_updated_at 
FROM time_tracking 
WHERE time_tracking.user_id = ?
 LIMIT ? OFFSET ?]
[parameters: ('anonymous', 1, 0)]
(Background on this error at: https://sqlalche.me/e/20/e3q8)
2025-08-13 15:25:30,005 - utils.database - ERROR: Database session error: (sqlite3.OperationalError) no such table: time_tracking
[SQL: SELECT time_tracking.id AS time_tracking_id, time_tracking.user_id AS time_tracking_user_id, time_tracking.quiz_time_today AS time_tracking_quiz_time_today, time_tracking.last_quiz_reset AS time_tracking_last_quiz_reset, time_tracking.study_time_total AS time_tracking_study_time_total, time_tracking.daily_quiz_history AS time_tracking_daily_quiz_history, time_tracking.settings AS time_tracking_settings, time_tracking.created_at AS time_tracking_created_at, time_tracking.updated_at AS time_tracking_updated_at 
FROM time_tracking 
WHERE time_tracking.user_id = ?
 LIMIT ? OFFSET ?]
[parameters: ('anonymous', 1, 0)]
(Background on this error at: https://sqlalche.me/e/20/e3q8)
2025-08-13 15:25:30,006 - utils.database - ERROR: Database session error: (sqlite3.OperationalError) no such table: time_tracking
[SQL: SELECT time_tracking.id AS time_tracking_id, time_tracking.user_id AS time_tracking_user_id, time_tracking.quiz_time_today AS time_tracking_quiz_time_today, time_tracking.last_quiz_reset AS time_tracking_last_quiz_reset, time_tracking.study_time_total AS time_tracking_study_time_total, time_tracking.daily_quiz_history AS time_tracking_daily_quiz_history, time_tracking.settings AS time_tracking_settings, time_tracking.created_at AS time_tracking_created_at, time_tracking.updated_at AS time_tracking_updated_at 
FROM time_tracking 
WHERE time_tracking.user_id = ?
 LIMIT ? OFFSET ?]
[parameters: ('anonymous', 1, 0)]
(Background on this error at: https://sqlalche.me/e/20/e3q8)
2025-08-13 23:36:26,667 - utils.database - ERROR: Database session error: (sqlite3.OperationalError) no such table: time_tracking
[SQL: SELECT time_tracking.id AS time_tracking_id, time_tracking.user_id AS time_tracking_user_id, time_tracking.quiz_time_today AS time_tracking_quiz_time_today, time_tracking.last_quiz_reset AS time_tracking_last_quiz_reset, time_tracking.study_time_total AS time_tracking_study_time_total, time_tracking.daily_quiz_history AS time_tracking_daily_quiz_history, time_tracking.settings AS time_tracking_settings, time_tracking.created_at AS time_tracking_created_at, time_tracking.updated_at AS time_tracking_updated_at 
FROM time_tracking 
WHERE time_tracking.user_id = ?
 LIMIT ? OFFSET ?]
[parameters: ('anonymous', 1, 0)]
(Background on this error at: https://sqlalche.me/e/20/e3q8)
2025-08-13 23:36:26,667 - utils.database - ERROR: Database session error: (sqlite3.OperationalError) no such table: time_tracking
[SQL: SELECT time_tracking.id AS time_tracking_id, time_tracking.user_id AS time_tracking_user_id, time_tracking.quiz_time_today AS time_tracking_quiz_time_today, time_tracking.last_quiz_reset AS time_tracking_last_quiz_reset, time_tracking.study_time_total AS time_tracking_study_time_total, time_tracking.daily_quiz_history AS time_tracking_daily_quiz_history, time_tracking.settings AS time_tracking_settings, time_tracking.created_at AS time_tracking_created_at, time_tracking.updated_at AS time_tracking_updated_at 
FROM time_tracking 
WHERE time_tracking.user_id = ?
 LIMIT ? OFFSET ?]
[parameters: ('anonymous', 1, 0)]
(Background on this error at: https://sqlalche.me/e/20/e3q8)
2025-08-13 23:36:26,668 - utils.database - ERROR: Database session error: (sqlite3.OperationalError) no such table: time_tracking
[SQL: SELECT time_tracking.id AS time_tracking_id, time_tracking.user_id AS time_tracking_user_id, time_tracking.quiz_time_today AS time_tracking_quiz_time_today, time_tracking.last_quiz_reset AS time_tracking_last_quiz_reset, time_tracking.study_time_total AS time_tracking_study_time_total, time_tracking.daily_quiz_history AS time_tracking_daily_quiz_history, time_tracking.settings AS time_tracking_settings, time_tracking.created_at AS time_tracking_created_at, time_tracking.updated_at AS time_tracking_updated_at 
FROM time_tracking 
WHERE time_tracking.user_id = ?
 LIMIT ? OFFSET ?]
[parameters: ('anonymous', 1, 0)]
(Background on this error at: https://sqlalche.me/e/20/e3q8)
2025-08-13 23:36:26,669 - utils.database - ERROR: Database session error: (sqlite3.OperationalError) no such table: time_tracking
[SQL: SELECT time_tracking.id AS time_tracking_id, time_tracking.user_id AS time_tracking_user_id, time_tracking.quiz_time_today AS time_tracking_quiz_time_today, time_tracking.last_quiz_reset AS time_tracking_last_quiz_reset, time_tracking.study_time_total AS time_tracking_study_time_total, time_tracking.daily_quiz_history AS time_tracking_daily_quiz_history, time_tracking.settings AS time_tracking_settings, time_tracking.created_at AS time_tracking_created_at, time_tracking.updated_at AS time_tracking_updated_at 
FROM time_tracking 
WHERE time_tracking.user_id = ?
 LIMIT ? OFFSET ?]
[parameters: ('anonymous', 1, 0)]
(Background on this error at: https://sqlalche.me/e/20/e3q8)
2025-08-13 23:43:59,505 - __main__ - INFO: Received signal 2, initiating graceful shutdown
2025-08-13 23:43:59,506 - utils.database - INFO: All database connections closed
2025-08-13 23:44:02,071 - __main__ - INFO: Linux Plus Study System logging initialized
2025-08-13 23:44:02,071 - __main__ - INFO: Starting web application mode
2025-08-13 23:44:02,072 - utils.persistence_manager - INFO: Persistence Manager initialized
2025-08-13 23:44:02,091 - models.question_db - INFO: Loaded 12 questions from database
2025-08-13 23:44:02,100 - __main__ - INFO: Web application components loaded successfully
2025-08-13 23:44:02,112 - utils.database - INFO: Initializing sqlite without connection pooling
2025-08-13 23:44:02,113 - utils.database - INFO: Database connection test successful
2025-08-13 23:44:02,126 - views.web_view - WARNING: VM management features not available - vm_integration module not found
2025-08-13 23:44:02,131 - __main__ - INFO: Web interface loaded successfully - Starting server on 127.0.0.1:5000
2025-08-13 23:44:10,999 - utils.database - ERROR: Database session error: (sqlite3.OperationalError) no such table: time_tracking
[SQL: SELECT time_tracking.id AS time_tracking_id, time_tracking.user_id AS time_tracking_user_id, time_tracking.quiz_time_today AS time_tracking_quiz_time_today, time_tracking.last_quiz_reset AS time_tracking_last_quiz_reset, time_tracking.study_time_total AS time_tracking_study_time_total, time_tracking.daily_quiz_history AS time_tracking_daily_quiz_history, time_tracking.settings AS time_tracking_settings, time_tracking.created_at AS time_tracking_created_at, time_tracking.updated_at AS time_tracking_updated_at 
FROM time_tracking 
WHERE time_tracking.user_id = ?
 LIMIT ? OFFSET ?]
[parameters: ('anonymous', 1, 0)]
(Background on this error at: https://sqlalche.me/e/20/e3q8)
2025-08-13 23:44:11,000 - utils.database - ERROR: Database session error: (sqlite3.OperationalError) no such table: time_tracking
[SQL: SELECT time_tracking.id AS time_tracking_id, time_tracking.user_id AS time_tracking_user_id, time_tracking.quiz_time_today AS time_tracking_quiz_time_today, time_tracking.last_quiz_reset AS time_tracking_last_quiz_reset, time_tracking.study_time_total AS time_tracking_study_time_total, time_tracking.daily_quiz_history AS time_tracking_daily_quiz_history, time_tracking.settings AS time_tracking_settings, time_tracking.created_at AS time_tracking_created_at, time_tracking.updated_at AS time_tracking_updated_at 
FROM time_tracking 
WHERE time_tracking.user_id = ?
 LIMIT ? OFFSET ?]
[parameters: ('anonymous', 1, 0)]
(Background on this error at: https://sqlalche.me/e/20/e3q8)
2025-08-13 23:44:11,001 - utils.database - ERROR: Database session error: (sqlite3.OperationalError) no such table: time_tracking
[SQL: SELECT time_tracking.id AS time_tracking_id, time_tracking.user_id AS time_tracking_user_id, time_tracking.quiz_time_today AS time_tracking_quiz_time_today, time_tracking.last_quiz_reset AS time_tracking_last_quiz_reset, time_tracking.study_time_total AS time_tracking_study_time_total, time_tracking.daily_quiz_history AS time_tracking_daily_quiz_history, time_tracking.settings AS time_tracking_settings, time_tracking.created_at AS time_tracking_created_at, time_tracking.updated_at AS time_tracking_updated_at 
FROM time_tracking 
WHERE time_tracking.user_id = ?
 LIMIT ? OFFSET ?]
[parameters: ('anonymous', 1, 0)]
(Background on this error at: https://sqlalche.me/e/20/e3q8)
2025-08-13 23:44:11,001 - utils.database - ERROR: Database session error: (sqlite3.OperationalError) no such table: time_tracking
[SQL: SELECT time_tracking.id AS time_tracking_id, time_tracking.user_id AS time_tracking_user_id, time_tracking.quiz_time_today AS time_tracking_quiz_time_today, time_tracking.last_quiz_reset AS time_tracking_last_quiz_reset, time_tracking.study_time_total AS time_tracking_study_time_total, time_tracking.daily_quiz_history AS time_tracking_daily_quiz_history, time_tracking.settings AS time_tracking_settings, time_tracking.created_at AS time_tracking_created_at, time_tracking.updated_at AS time_tracking_updated_at 
FROM time_tracking 
WHERE time_tracking.user_id = ?
 LIMIT ? OFFSET ?]
[parameters: ('anonymous', 1, 0)]
(Background on this error at: https://sqlalche.me/e/20/e3q8)
2025-08-13 23:44:21,869 - utils.database - ERROR: Database session error: (sqlite3.OperationalError) no such table: time_tracking
[SQL: SELECT time_tracking.id AS time_tracking_id, time_tracking.user_id AS time_tracking_user_id, time_tracking.quiz_time_today AS time_tracking_quiz_time_today, time_tracking.last_quiz_reset AS time_tracking_last_quiz_reset, time_tracking.study_time_total AS time_tracking_study_time_total, time_tracking.daily_quiz_history AS time_tracking_daily_quiz_history, time_tracking.settings AS time_tracking_settings, time_tracking.created_at AS time_tracking_created_at, time_tracking.updated_at AS time_tracking_updated_at 
FROM time_tracking 
WHERE time_tracking.user_id = ?
 LIMIT ? OFFSET ?]
[parameters: ('anonymous', 1, 0)]
(Background on this error at: https://sqlalche.me/e/20/e3q8)
2025-08-13 23:44:21,869 - utils.database - ERROR: Database session error: (sqlite3.OperationalError) no such table: time_tracking
[SQL: SELECT time_tracking.id AS time_tracking_id, time_tracking.user_id AS time_tracking_user_id, time_tracking.quiz_time_today AS time_tracking_quiz_time_today, time_tracking.last_quiz_reset AS time_tracking_last_quiz_reset, time_tracking.study_time_total AS time_tracking_study_time_total, time_tracking.daily_quiz_history AS time_tracking_daily_quiz_history, time_tracking.settings AS time_tracking_settings, time_tracking.created_at AS time_tracking_created_at, time_tracking.updated_at AS time_tracking_updated_at 
FROM time_tracking 
WHERE time_tracking.user_id = ?
 LIMIT ? OFFSET ?]
[parameters: ('anonymous', 1, 0)]
(Background on this error at: https://sqlalche.me/e/20/e3q8)
2025-08-13 23:44:21,870 - utils.database - ERROR: Database session error: (sqlite3.OperationalError) no such table: time_tracking
[SQL: SELECT time_tracking.id AS time_tracking_id, time_tracking.user_id AS time_tracking_user_id, time_tracking.quiz_time_today AS time_tracking_quiz_time_today, time_tracking.last_quiz_reset AS time_tracking_last_quiz_reset, time_tracking.study_time_total AS time_tracking_study_time_total, time_tracking.daily_quiz_history AS time_tracking_daily_quiz_history, time_tracking.settings AS time_tracking_settings, time_tracking.created_at AS time_tracking_created_at, time_tracking.updated_at AS time_tracking_updated_at 
FROM time_tracking 
WHERE time_tracking.user_id = ?
 LIMIT ? OFFSET ?]
[parameters: ('anonymous', 1, 0)]
(Background on this error at: https://sqlalche.me/e/20/e3q8)
2025-08-13 23:44:21,870 - utils.database - ERROR: Database session error: (sqlite3.OperationalError) no such table: time_tracking
[SQL: SELECT time_tracking.id AS time_tracking_id, time_tracking.user_id AS time_tracking_user_id, time_tracking.quiz_time_today AS time_tracking_quiz_time_today, time_tracking.last_quiz_reset AS time_tracking_last_quiz_reset, time_tracking.study_time_total AS time_tracking_study_time_total, time_tracking.daily_quiz_history AS time_tracking_daily_quiz_history, time_tracking.settings AS time_tracking_settings, time_tracking.created_at AS time_tracking_created_at, time_tracking.updated_at AS time_tracking_updated_at 
FROM time_tracking 
WHERE time_tracking.user_id = ?
 LIMIT ? OFFSET ?]
[parameters: ('anonymous', 1, 0)]
(Background on this error at: https://sqlalche.me/e/20/e3q8)
2025-08-13 23:44:36,495 - __main__ - INFO: Linux Plus Study System logging initialized
2025-08-13 23:44:36,496 - __main__ - INFO: Starting web application mode
2025-08-13 23:44:36,496 - utils.persistence_manager - INFO: Persistence Manager initialized
2025-08-13 23:44:36,510 - models.question_db - INFO: Loaded 12 questions from database
2025-08-13 23:44:36,516 - __main__ - INFO: Web application components loaded successfully
2025-08-13 23:44:36,524 - utils.database - INFO: Initializing sqlite without connection pooling
2025-08-13 23:44:36,536 - utils.database - INFO: Database connection test successful
2025-08-13 23:44:36,547 - views.web_view - WARNING: VM management features not available - vm_integration module not found
2025-08-13 23:44:36,551 - __main__ - INFO: Web interface loaded successfully - Starting server on localhost:8081
2025-08-13 23:46:15,261 - views.web_view - INFO: Starting clear statistics operation
2025-08-13 23:46:15,294 - views.web_view - INFO: Cleared 0 analytics records
2025-08-13 23:46:15,295 - views.web_view - INFO: Reset game state data
2025-08-13 23:46:15,300 - utils.database - ERROR: Database session error: (sqlite3.OperationalError) no such table: time_tracking
[SQL: SELECT time_tracking.id AS time_tracking_id, time_tracking.user_id AS time_tracking_user_id, time_tracking.quiz_time_today AS time_tracking_quiz_time_today, time_tracking.last_quiz_reset AS time_tracking_last_quiz_reset, time_tracking.study_time_total AS time_tracking_study_time_total, time_tracking.daily_quiz_history AS time_tracking_daily_quiz_history, time_tracking.settings AS time_tracking_settings, time_tracking.created_at AS time_tracking_created_at, time_tracking.updated_at AS time_tracking_updated_at 
FROM time_tracking 
WHERE time_tracking.user_id = ?
 LIMIT ? OFFSET ?]
[parameters: ('anonymous', 1, 0)]
(Background on this error at: https://sqlalche.me/e/20/e3q8)
2025-08-13 23:46:15,300 - views.web_view - INFO: Reset quiz controller session
2025-08-13 23:46:15,301 - utils.database - ERROR: Database session error: (sqlite3.OperationalError) no such table: time_tracking
[SQL: SELECT time_tracking.id AS time_tracking_id, time_tracking.user_id AS time_tracking_user_id, time_tracking.quiz_time_today AS time_tracking_quiz_time_today, time_tracking.last_quiz_reset AS time_tracking_last_quiz_reset, time_tracking.study_time_total AS time_tracking_study_time_total, time_tracking.daily_quiz_history AS time_tracking_daily_quiz_history, time_tracking.settings AS time_tracking_settings, time_tracking.created_at AS time_tracking_created_at, time_tracking.updated_at AS time_tracking_updated_at 
FROM time_tracking 
WHERE time_tracking.user_id = ?
 LIMIT ? OFFSET ?]
[parameters: ('anonymous', 1, 0)]
(Background on this error at: https://sqlalche.me/e/20/e3q8)
2025-08-13 23:46:15,301 - views.web_view - INFO: Reset time tracking data
2025-08-13 23:46:15,301 - views.web_view - INFO: Reset achievements file
2025-08-13 23:46:15,302 - views.web_view - INFO: Reset history file
2025-08-13 23:46:15,302 - views.web_view - INFO: Clear statistics operation completed successfully
2025-08-13 23:49:11,214 - __main__ - INFO: Received signal 2, initiating graceful shutdown
2025-08-13 23:49:11,215 - utils.database - INFO: All database connections closed
2025-08-13 23:56:01,533 - __main__ - INFO: Linux Plus Study System logging initialized
2025-08-13 23:56:01,533 - __main__ - INFO: Starting web application mode
2025-08-13 23:56:01,534 - utils.persistence_manager - INFO: Persistence Manager initialized
2025-08-13 23:56:01,546 - models.question_db - INFO: Loaded 12 questions from database
2025-08-13 23:56:01,552 - __main__ - INFO: Web application components loaded successfully
2025-08-13 23:56:01,559 - utils.database - INFO: Initializing sqlite without connection pooling
2025-08-13 23:56:01,560 - utils.database - INFO: Database connection test successful
2025-08-13 23:56:01,570 - views.web_view - WARNING: VM management features not available - vm_integration module not found
2025-08-13 23:56:01,574 - __main__ - INFO: Web interface loaded successfully - Starting server on localhost:8082
2025-08-13 23:56:53,597 - __main__ - INFO: Linux Plus Study System logging initialized
2025-08-13 23:56:53,597 - __main__ - INFO: Starting web application mode
2025-08-13 23:56:53,597 - utils.persistence_manager - INFO: Persistence Manager initialized
2025-08-13 23:56:53,615 - models.question_db - INFO: Loaded 12 questions from database
2025-08-13 23:56:53,625 - __main__ - INFO: Web application components loaded successfully
2025-08-13 23:56:53,634 - utils.database - INFO: Initializing sqlite without connection pooling
2025-08-13 23:56:53,637 - utils.database - INFO: Database connection test successful
2025-08-13 23:56:53,652 - views.web_view - WARNING: VM management features not available - vm_integration module not found
2025-08-13 23:56:53,656 - __main__ - INFO: Web interface loaded successfully - Starting server on 127.0.0.1:5000
2025-08-13 23:57:53,462 - utils.database - ERROR: Database session error: (sqlite3.IntegrityError) NOT NULL constraint failed: time_tracking.created_at
[SQL: INSERT INTO time_tracking (user_id, quiz_time_today, last_quiz_reset, study_time_total, daily_quiz_history, settings, created_at, updated_at) VALUES (?, ?, ?, ?, ?, ?, ?, ?)]
[parameters: ('anonymous', 0.0, '2025-08-13 23:57:53.461310', 0.0, '{}', '{"reset_time": "00:59", "timezone": "America/Chicago"}', None, None)]
(Background on this error at: https://sqlalche.me/e/20/gkpj)
2025-08-14 00:00:49,728 - __main__ - INFO: Received signal 2, initiating graceful shutdown
2025-08-14 00:00:49,728 - utils.database - INFO: All database connections closed
2025-08-14 00:03:29,837 - __main__ - INFO: Linux Plus Study System logging initialized
2025-08-14 00:03:29,837 - __main__ - INFO: Starting web application mode
2025-08-14 00:03:29,837 - utils.persistence_manager - INFO: Persistence Manager initialized
2025-08-14 00:03:29,852 - models.question_db - INFO: Loaded 12 questions from database
2025-08-14 00:03:29,862 - __main__ - INFO: Web application components loaded successfully
2025-08-14 00:03:29,871 - utils.database - INFO: Initializing sqlite without connection pooling
2025-08-14 00:03:29,872 - utils.database - INFO: Database connection test successful
2025-08-14 00:03:29,884 - views.web_view - WARNING: VM management features not available - vm_integration module not found
2025-08-14 00:03:29,888 - __main__ - INFO: Web interface loaded successfully - Starting server on 127.0.0.1:5000
2025-08-14 00:03:52,869 - utils.database - ERROR: Database session error: (sqlite3.IntegrityError) NOT NULL constraint failed: time_tracking.created_at
[SQL: INSERT INTO time_tracking (user_id, quiz_time_today, last_quiz_reset, study_time_total, daily_quiz_history, settings, created_at, updated_at) VALUES (?, ?, ?, ?, ?, ?, ?, ?)]
[parameters: ('anonymous', 0.0, '2025-08-14 00:03:52.867459', 0.0, '{}', '{"reset_time": "00:59", "timezone": "America/Chicago"}', None, None)]
(Background on this error at: https://sqlalche.me/e/20/gkpj)
2025-08-14 00:09:10,648 - __main__ - INFO: Linux Plus Study System logging initialized
2025-08-14 00:09:10,648 - __main__ - INFO: Starting web application mode
2025-08-14 00:09:10,649 - utils.persistence_manager - INFO: Persistence Manager initialized
2025-08-14 00:09:10,666 - models.question_db - INFO: Loaded 12 questions from database
2025-08-14 00:09:10,672 - __main__ - INFO: Web application components loaded successfully
2025-08-14 00:09:10,681 - utils.database - INFO: Initializing sqlite without connection pooling
2025-08-14 00:09:10,682 - utils.database - INFO: Database connection test successful
2025-08-14 00:09:10,694 - views.web_view - WARNING: VM management features not available - vm_integration module not found
2025-08-14 00:09:10,698 - __main__ - INFO: Web interface loaded successfully - Starting server on 127.0.0.1:5001
2025-08-14 00:10:45,288 - __main__ - INFO: Received signal 2, initiating graceful shutdown
2025-08-14 00:10:45,289 - utils.database - INFO: All database connections closed
2025-08-14 00:10:47,070 - __main__ - INFO: Linux Plus Study System logging initialized
2025-08-14 00:10:47,070 - __main__ - INFO: Starting web application mode
2025-08-14 00:10:47,070 - utils.persistence_manager - INFO: Persistence Manager initialized
2025-08-14 00:10:47,087 - models.question_db - INFO: Loaded 12 questions from database
2025-08-14 00:10:47,096 - __main__ - INFO: Web application components loaded successfully
2025-08-14 00:10:47,108 - utils.database - INFO: Initializing sqlite without connection pooling
2025-08-14 00:10:47,109 - utils.database - INFO: Database connection test successful
2025-08-14 00:10:47,125 - views.web_view - WARNING: VM management features not available - vm_integration module not found
2025-08-14 00:10:47,129 - __main__ - INFO: Web interface loaded successfully - Starting server on 127.0.0.1:5000
2025-08-14 00:30:13,932 - __main__ - INFO: Received signal 2, initiating graceful shutdown
2025-08-14 00:30:13,933 - utils.database - INFO: All database connections closed
2025-08-14 00:30:15,689 - __main__ - INFO: Linux Plus Study System logging initialized
2025-08-14 00:30:15,689 - __main__ - INFO: Starting web application mode
2025-08-14 00:30:15,689 - utils.persistence_manager - INFO: Persistence Manager initialized
2025-08-14 00:30:15,714 - models.question_db - INFO: Loaded 12 questions from database
2025-08-14 00:30:15,730 - __main__ - INFO: Web application components loaded successfully
2025-08-14 00:30:15,740 - utils.database - INFO: Initializing sqlite without connection pooling
2025-08-14 00:30:15,742 - utils.database - INFO: Database connection test successful
2025-08-14 00:30:15,759 - views.web_view - WARNING: VM management features not available - vm_integration module not found
2025-08-14 00:30:15,764 - __main__ - INFO: Web interface loaded successfully - Starting server on 127.0.0.1:5000
2025-08-14 00:30:19,343 - views.web_view - INFO: Loading dashboard for user: anonymous
2025-08-14 00:30:19,359 - services.dashboard_service - WARNING: Error getting recent questions: get_db_session() takes 0 positional arguments but 1 was given
2025-08-14 00:30:19,359 - services.dashboard_service - WARNING: Error getting user progress: get_db_session() takes 0 positional arguments but 1 was given
2025-08-14 00:30:19,359 - services.dashboard_service - WARNING: Error getting achievements summary: get_db_session() takes 0 positional arguments but 1 was given
2025-08-14 00:30:19,367 - services.dashboard_service - WARNING: Error calculating study streak: get_db_session() takes 0 positional arguments but 1 was given
2025-08-14 00:30:19,373 - services.dashboard_service - WARNING: Error getting category breakdown: get_db_session() takes 0 positional arguments but 1 was given
2025-08-14 00:30:19,376 - services.dashboard_service - INFO: Dashboard summary loaded for user anonymous
2025-08-14 00:30:19,604 - views.web_view - INFO: API dashboard request for user: anonymous
2025-08-14 00:30:19,607 - services.dashboard_service - WARNING: Error getting recent questions: get_db_session() takes 0 positional arguments but 1 was given
2025-08-14 00:30:19,607 - services.dashboard_service - WARNING: Error getting user progress: get_db_session() takes 0 positional arguments but 1 was given
2025-08-14 00:30:19,607 - services.dashboard_service - WARNING: Error getting achievements summary: get_db_session() takes 0 positional arguments but 1 was given
2025-08-14 00:30:19,610 - services.dashboard_service - WARNING: Error calculating study streak: get_db_session() takes 0 positional arguments but 1 was given
2025-08-14 00:30:19,612 - services.dashboard_service - WARNING: Error getting category breakdown: get_db_session() takes 0 positional arguments but 1 was given
2025-08-14 00:30:19,612 - services.dashboard_service - INFO: Dashboard summary loaded for user anonymous
2025-08-14 00:30:24,205 - views.web_view - INFO: Analytics page request for user: anonymous
2025-08-14 00:30:24,207 - services.dashboard_service - WARNING: Error getting recent questions: get_db_session() takes 0 positional arguments but 1 was given
2025-08-14 00:30:24,207 - services.dashboard_service - WARNING: Error getting user progress: get_db_session() takes 0 positional arguments but 1 was given
2025-08-14 00:30:24,207 - services.dashboard_service - WARNING: Error getting achievements summary: get_db_session() takes 0 positional arguments but 1 was given
2025-08-14 00:30:24,209 - services.dashboard_service - WARNING: Error calculating study streak: get_db_session() takes 0 positional arguments but 1 was given
2025-08-14 00:30:24,211 - services.dashboard_service - WARNING: Error getting category breakdown: get_db_session() takes 0 positional arguments but 1 was given
2025-08-14 00:30:24,212 - services.dashboard_service - INFO: Dashboard summary loaded for user anonymous
2025-08-14 00:30:26,219 - views.web_view - INFO: Loading stats page for user: anonymous
2025-08-14 00:30:26,222 - services.dashboard_service - WARNING: Error getting recent questions: get_db_session() takes 0 positional arguments but 1 was given
2025-08-14 00:30:26,222 - services.dashboard_service - WARNING: Error getting user progress: get_db_session() takes 0 positional arguments but 1 was given
2025-08-14 00:30:26,222 - services.dashboard_service - WARNING: Error getting achievements summary: get_db_session() takes 0 positional arguments but 1 was given
2025-08-14 00:30:26,224 - services.dashboard_service - WARNING: Error calculating study streak: get_db_session() takes 0 positional arguments but 1 was given
2025-08-14 00:30:26,226 - services.dashboard_service - WARNING: Error getting category breakdown: get_db_session() takes 0 positional arguments but 1 was given
2025-08-14 00:30:26,227 - services.dashboard_service - INFO: Dashboard summary loaded for user anonymous
2025-08-14 00:30:30,197 - views.web_view - INFO: Loading achievements page for user: anonymous
2025-08-14 00:30:30,203 - services.dashboard_service - WARNING: Error getting recent questions: get_db_session() takes 0 positional arguments but 1 was given
2025-08-14 00:30:30,203 - services.dashboard_service - WARNING: Error getting user progress: get_db_session() takes 0 positional arguments but 1 was given
2025-08-14 00:30:30,203 - services.dashboard_service - WARNING: Error getting achievements summary: get_db_session() takes 0 positional arguments but 1 was given
2025-08-14 00:30:30,207 - services.dashboard_service - WARNING: Error calculating study streak: get_db_session() takes 0 positional arguments but 1 was given
2025-08-14 00:30:30,208 - services.dashboard_service - WARNING: Error getting category breakdown: get_db_session() takes 0 positional arguments but 1 was given
2025-08-14 00:30:30,209 - services.dashboard_service - INFO: Dashboard summary loaded for user anonymous
2025-08-14 00:30:31,920 - views.web_view - INFO: Review page request for user: anonymous
2025-08-14 00:30:31,923 - services.dashboard_service - WARNING: Error getting recent questions: get_db_session() takes 0 positional arguments but 1 was given
2025-08-14 00:30:31,923 - services.dashboard_service - WARNING: Error getting user progress: get_db_session() takes 0 positional arguments but 1 was given
2025-08-14 00:30:31,923 - services.dashboard_service - WARNING: Error getting achievements summary: get_db_session() takes 0 positional arguments but 1 was given
2025-08-14 00:30:31,927 - services.dashboard_service - WARNING: Error calculating study streak: get_db_session() takes 0 positional arguments but 1 was given
2025-08-14 00:30:31,929 - services.dashboard_service - WARNING: Error getting category breakdown: get_db_session() takes 0 positional arguments but 1 was given
2025-08-14 00:30:31,929 - services.dashboard_service - INFO: Dashboard summary loaded for user anonymous
2025-08-14 00:30:34,607 - views.web_view - INFO: Loading dashboard for user: anonymous
2025-08-14 00:30:34,610 - services.dashboard_service - WARNING: Error getting recent questions: get_db_session() takes 0 positional arguments but 1 was given
2025-08-14 00:30:34,610 - services.dashboard_service - WARNING: Error getting user progress: get_db_session() takes 0 positional arguments but 1 was given
2025-08-14 00:30:34,610 - services.dashboard_service - WARNING: Error getting achievements summary: get_db_session() takes 0 positional arguments but 1 was given
2025-08-14 00:30:34,615 - services.dashboard_service - WARNING: Error calculating study streak: get_db_session() takes 0 positional arguments but 1 was given
2025-08-14 00:30:34,618 - services.dashboard_service - WARNING: Error getting category breakdown: get_db_session() takes 0 positional arguments but 1 was given
2025-08-14 00:30:34,619 - services.dashboard_service - INFO: Dashboard summary loaded for user anonymous
2025-08-14 00:30:34,775 - views.web_view - INFO: API dashboard request for user: anonymous
2025-08-14 00:30:34,796 - services.dashboard_service - WARNING: Error getting recent questions: get_db_session() takes 0 positional arguments but 1 was given
2025-08-14 00:30:34,796 - services.dashboard_service - WARNING: Error getting user progress: get_db_session() takes 0 positional arguments but 1 was given
2025-08-14 00:30:34,796 - services.dashboard_service - WARNING: Error getting achievements summary: get_db_session() takes 0 positional arguments but 1 was given
2025-08-14 00:30:34,799 - services.dashboard_service - WARNING: Error calculating study streak: get_db_session() takes 0 positional arguments but 1 was given
2025-08-14 00:30:34,801 - services.dashboard_service - WARNING: Error getting category breakdown: get_db_session() takes 0 positional arguments but 1 was given
2025-08-14 00:30:34,801 - services.dashboard_service - INFO: Dashboard summary loaded for user anonymous
2025-08-14 00:30:49,470 - views.web_view - INFO: Loading dashboard for user: anonymous
2025-08-14 00:30:49,473 - services.dashboard_service - WARNING: Error getting recent questions: get_db_session() takes 0 positional arguments but 1 was given
2025-08-14 00:30:49,473 - services.dashboard_service - WARNING: Error getting user progress: get_db_session() takes 0 positional arguments but 1 was given
2025-08-14 00:30:49,473 - services.dashboard_service - WARNING: Error getting achievements summary: get_db_session() takes 0 positional arguments but 1 was given
2025-08-14 00:30:49,475 - services.dashboard_service - WARNING: Error calculating study streak: get_db_session() takes 0 positional arguments but 1 was given
2025-08-14 00:30:49,477 - services.dashboard_service - WARNING: Error getting category breakdown: get_db_session() takes 0 positional arguments but 1 was given
2025-08-14 00:30:49,478 - services.dashboard_service - INFO: Dashboard summary loaded for user anonymous
2025-08-14 00:30:49,644 - views.web_view - INFO: API dashboard request for user: anonymous
2025-08-14 00:30:49,646 - services.dashboard_service - WARNING: Error getting recent questions: get_db_session() takes 0 positional arguments but 1 was given
2025-08-14 00:30:49,646 - services.dashboard_service - WARNING: Error getting user progress: get_db_session() takes 0 positional arguments but 1 was given
2025-08-14 00:30:49,647 - services.dashboard_service - WARNING: Error getting achievements summary: get_db_session() takes 0 positional arguments but 1 was given
2025-08-14 00:30:49,650 - services.dashboard_service - WARNING: Error calculating study streak: get_db_session() takes 0 positional arguments but 1 was given
2025-08-14 00:30:49,651 - services.dashboard_service - WARNING: Error getting category breakdown: get_db_session() takes 0 positional arguments but 1 was given
2025-08-14 00:30:49,652 - services.dashboard_service - INFO: Dashboard summary loaded for user anonymous
2025-08-14 00:30:54,753 - views.web_view - INFO: Loading achievements page for user: anonymous
2025-08-14 00:30:54,755 - services.dashboard_service - WARNING: Error getting recent questions: get_db_session() takes 0 positional arguments but 1 was given
2025-08-14 00:30:54,755 - services.dashboard_service - WARNING: Error getting user progress: get_db_session() takes 0 positional arguments but 1 was given
2025-08-14 00:30:54,755 - services.dashboard_service - WARNING: Error getting achievements summary: get_db_session() takes 0 positional arguments but 1 was given
2025-08-14 00:30:54,759 - services.dashboard_service - WARNING: Error calculating study streak: get_db_session() takes 0 positional arguments but 1 was given
2025-08-14 00:30:54,761 - services.dashboard_service - WARNING: Error getting category breakdown: get_db_session() takes 0 positional arguments but 1 was given
2025-08-14 00:30:54,762 - services.dashboard_service - INFO: Dashboard summary loaded for user anonymous
2025-08-14 00:30:56,205 - views.web_view - INFO: Analytics page request for user: anonymous
2025-08-14 00:30:56,207 - services.dashboard_service - WARNING: Error getting recent questions: get_db_session() takes 0 positional arguments but 1 was given
2025-08-14 00:30:56,208 - services.dashboard_service - WARNING: Error getting user progress: get_db_session() takes 0 positional arguments but 1 was given
2025-08-14 00:30:56,208 - services.dashboard_service - WARNING: Error getting achievements summary: get_db_session() takes 0 positional arguments but 1 was given
2025-08-14 00:30:56,211 - services.dashboard_service - WARNING: Error calculating study streak: get_db_session() takes 0 positional arguments but 1 was given
2025-08-14 00:30:56,213 - services.dashboard_service - WARNING: Error getting category breakdown: get_db_session() takes 0 positional arguments but 1 was given
2025-08-14 00:30:56,214 - services.dashboard_service - INFO: Dashboard summary loaded for user anonymous
2025-08-14 00:31:06,249 - views.web_view - INFO: Loading stats page for user: anonymous
2025-08-14 00:31:06,254 - services.dashboard_service - WARNING: Error getting recent questions: get_db_session() takes 0 positional arguments but 1 was given
2025-08-14 00:31:06,254 - services.dashboard_service - WARNING: Error getting user progress: get_db_session() takes 0 positional arguments but 1 was given
2025-08-14 00:31:06,254 - services.dashboard_service - WARNING: Error getting achievements summary: get_db_session() takes 0 positional arguments but 1 was given
2025-08-14 00:31:06,259 - services.dashboard_service - WARNING: Error calculating study streak: get_db_session() takes 0 positional arguments but 1 was given
2025-08-14 00:31:06,261 - services.dashboard_service - WARNING: Error getting category breakdown: get_db_session() takes 0 positional arguments but 1 was given
2025-08-14 00:31:06,262 - services.dashboard_service - INFO: Dashboard summary loaded for user anonymous
2025-08-14 00:31:15,309 - views.web_view - INFO: Loading dashboard for user: anonymous
2025-08-14 00:31:15,312 - services.dashboard_service - WARNING: Error getting recent questions: get_db_session() takes 0 positional arguments but 1 was given
2025-08-14 00:31:15,312 - services.dashboard_service - WARNING: Error getting user progress: get_db_session() takes 0 positional arguments but 1 was given
2025-08-14 00:31:15,312 - services.dashboard_service - WARNING: Error getting achievements summary: get_db_session() takes 0 positional arguments but 1 was given
2025-08-14 00:31:15,317 - services.dashboard_service - WARNING: Error calculating study streak: get_db_session() takes 0 positional arguments but 1 was given
2025-08-14 00:31:15,319 - services.dashboard_service - WARNING: Error getting category breakdown: get_db_session() takes 0 positional arguments but 1 was given
2025-08-14 00:31:15,319 - services.dashboard_service - INFO: Dashboard summary loaded for user anonymous
2025-08-14 00:31:15,469 - views.web_view - INFO: API dashboard request for user: anonymous
2025-08-14 00:31:15,472 - services.dashboard_service - WARNING: Error getting recent questions: get_db_session() takes 0 positional arguments but 1 was given
2025-08-14 00:31:15,472 - services.dashboard_service - WARNING: Error getting user progress: get_db_session() takes 0 positional arguments but 1 was given
2025-08-14 00:31:15,472 - services.dashboard_service - WARNING: Error getting achievements summary: get_db_session() takes 0 positional arguments but 1 was given
2025-08-14 00:31:15,475 - services.dashboard_service - WARNING: Error calculating study streak: get_db_session() takes 0 positional arguments but 1 was given
2025-08-14 00:31:15,477 - services.dashboard_service - WARNING: Error getting category breakdown: get_db_session() takes 0 positional arguments but 1 was given
2025-08-14 00:31:15,478 - services.dashboard_service - INFO: Dashboard summary loaded for user anonymous
2025-08-14 00:37:52,025 - __main__ - INFO: Received signal 2, initiating graceful shutdown
2025-08-14 00:37:52,026 - utils.database - INFO: All database connections closed
2025-08-14 00:37:58,689 - __main__ - INFO: Linux Plus Study System logging initialized
2025-08-14 00:37:58,689 - __main__ - INFO: Starting web application mode
2025-08-14 00:37:58,689 - utils.persistence_manager - INFO: Persistence Manager initialized
2025-08-14 00:37:58,712 - models.question_db - INFO: Loaded 12 questions from database
2025-08-14 00:37:58,720 - __main__ - INFO: Web application components loaded successfully
2025-08-14 00:37:58,734 - utils.database - INFO: Initializing sqlite without connection pooling
2025-08-14 00:37:58,736 - utils.database - INFO: Database connection test successful
2025-08-14 00:37:58,751 - views.web_view - WARNING: VM management features not available - vm_integration module not found
2025-08-14 00:37:58,757 - __main__ - INFO: Web interface loaded successfully - Starting server on 127.0.0.1:5000
2025-08-14 00:38:02,192 - views.web_view - INFO: Loading dashboard for user: anonymous
2025-08-14 00:38:02,223 - services.dashboard_service - INFO: Dashboard summary loaded for user anonymous
2025-08-14 00:38:02,223 - views.web_view - ERROR: Error loading dashboard stats: 'xp_percentage'
Traceback (most recent call last):
  File "/home/retiredfan/Documents/github/Linux-test/Linux-Practice/linux_plus_study_v3/views/web_view.py", line 1712, in index
    'xp_percentage': dashboard_data['user_progress']['xp_percentage'],
                     ~~~~~~~~~~~~~~~~~~~~~~~~~~~~~~~^^^^^^^^^^^^^^^^^
KeyError: 'xp_percentage'
2025-08-14 00:38:02,461 - views.web_view - INFO: API dashboard request for user: anonymous
2025-08-14 00:38:02,472 - services.dashboard_service - INFO: Dashboard summary loaded for user anonymous
2025-08-14 00:38:07,705 - views.web_view - INFO: Analytics page request for user: anonymous
2025-08-14 00:38:07,721 - services.dashboard_service - INFO: Dashboard summary loaded for user anonymous
2025-08-14 00:38:09,784 - views.web_view - INFO: Loading stats page for user: anonymous
2025-08-14 00:38:09,794 - services.dashboard_service - INFO: Dashboard summary loaded for user anonymous
2025-08-14 00:38:15,293 - views.web_view - INFO: Review page request for user: anonymous
2025-08-14 00:38:15,303 - services.dashboard_service - INFO: Dashboard summary loaded for user anonymous
2025-08-14 00:38:16,475 - views.web_view - INFO: Loading achievements page for user: anonymous
2025-08-14 00:38:16,484 - services.dashboard_service - INFO: Dashboard summary loaded for user anonymous
2025-08-14 00:38:18,005 - views.web_view - INFO: Loading dashboard for user: anonymous
2025-08-14 00:38:18,020 - services.dashboard_service - INFO: Dashboard summary loaded for user anonymous
2025-08-14 00:38:18,020 - views.web_view - ERROR: Error loading dashboard stats: 'xp_percentage'
Traceback (most recent call last):
  File "/home/retiredfan/Documents/github/Linux-test/Linux-Practice/linux_plus_study_v3/views/web_view.py", line 1712, in index
    'xp_percentage': dashboard_data['user_progress']['xp_percentage'],
                     ~~~~~~~~~~~~~~~~~~~~~~~~~~~~~~~^^^^^^^^^^^^^^^^^
KeyError: 'xp_percentage'
2025-08-14 00:38:18,175 - views.web_view - INFO: API dashboard request for user: anonymous
2025-08-14 00:38:18,184 - services.dashboard_service - INFO: Dashboard summary loaded for user anonymous
2025-08-14 00:39:00,006 - __main__ - INFO: Received signal 2, initiating graceful shutdown
2025-08-14 00:39:00,007 - utils.database - INFO: All database connections closed
2025-08-14 00:39:05,936 - __main__ - INFO: Linux Plus Study System logging initialized
2025-08-14 00:39:05,936 - __main__ - INFO: Starting web application mode
2025-08-14 00:39:05,937 - utils.persistence_manager - INFO: Persistence Manager initialized
2025-08-14 00:39:05,960 - models.question_db - INFO: Loaded 12 questions from database
2025-08-14 00:39:05,968 - __main__ - INFO: Web application components loaded successfully
2025-08-14 00:39:05,978 - utils.database - INFO: Initializing sqlite without connection pooling
2025-08-14 00:39:05,981 - utils.database - INFO: Database connection test successful
2025-08-14 00:39:05,994 - views.web_view - WARNING: VM management features not available - vm_integration module not found
2025-08-14 00:39:05,999 - __main__ - INFO: Web interface loaded successfully - Starting server on 127.0.0.1:5000
2025-08-14 00:39:08,280 - views.web_view - INFO: Loading dashboard for user: anonymous
2025-08-14 00:39:08,281 - services.dashboard_service - ERROR: Error loading dashboard summary for anonymous: 'DashboardService' object has no attribute '_get_analytics_data'
Traceback (most recent call last):
  File "/home/retiredfan/Documents/github/Linux-test/Linux-Practice/linux_plus_study_v3/services/dashboard_service.py", line 35, in get_dashboard_summary
    analytics_data = self._get_analytics_data()
                     ^^^^^^^^^^^^^^^^^^^^^^^^
AttributeError: 'DashboardService' object has no attribute '_get_analytics_data'
2025-08-14 00:39:08,461 - views.web_view - INFO: API dashboard request for user: anonymous
2025-08-14 00:39:08,461 - services.dashboard_service - ERROR: Error loading dashboard summary for anonymous: 'DashboardService' object has no attribute '_get_analytics_data'
Traceback (most recent call last):
  File "/home/retiredfan/Documents/github/Linux-test/Linux-Practice/linux_plus_study_v3/services/dashboard_service.py", line 35, in get_dashboard_summary
    analytics_data = self._get_analytics_data()
                     ^^^^^^^^^^^^^^^^^^^^^^^^
AttributeError: 'DashboardService' object has no attribute '_get_analytics_data'
2025-08-14 00:39:11,266 - views.web_view - INFO: Loading stats page for user: anonymous
2025-08-14 00:39:11,266 - services.dashboard_service - ERROR: Error loading dashboard summary for anonymous: 'DashboardService' object has no attribute '_get_analytics_data'
Traceback (most recent call last):
  File "/home/retiredfan/Documents/github/Linux-test/Linux-Practice/linux_plus_study_v3/services/dashboard_service.py", line 35, in get_dashboard_summary
    analytics_data = self._get_analytics_data()
                     ^^^^^^^^^^^^^^^^^^^^^^^^
AttributeError: 'DashboardService' object has no attribute '_get_analytics_data'
2025-08-14 00:39:12,468 - views.web_view - INFO: Analytics page request for user: anonymous
2025-08-14 00:39:12,468 - services.dashboard_service - ERROR: Error loading dashboard summary for anonymous: 'DashboardService' object has no attribute '_get_analytics_data'
Traceback (most recent call last):
  File "/home/retiredfan/Documents/github/Linux-test/Linux-Practice/linux_plus_study_v3/services/dashboard_service.py", line 35, in get_dashboard_summary
    analytics_data = self._get_analytics_data()
                     ^^^^^^^^^^^^^^^^^^^^^^^^
AttributeError: 'DashboardService' object has no attribute '_get_analytics_data'
2025-08-14 00:39:13,870 - views.web_view - INFO: Loading achievements page for user: anonymous
2025-08-14 00:39:13,870 - services.dashboard_service - ERROR: Error loading dashboard summary for anonymous: 'DashboardService' object has no attribute '_get_analytics_data'
Traceback (most recent call last):
  File "/home/retiredfan/Documents/github/Linux-test/Linux-Practice/linux_plus_study_v3/services/dashboard_service.py", line 35, in get_dashboard_summary
    analytics_data = self._get_analytics_data()
                     ^^^^^^^^^^^^^^^^^^^^^^^^
AttributeError: 'DashboardService' object has no attribute '_get_analytics_data'
2025-08-14 00:39:14,827 - views.web_view - INFO: Review page request for user: anonymous
2025-08-14 00:39:14,827 - services.dashboard_service - ERROR: Error loading dashboard summary for anonymous: 'DashboardService' object has no attribute '_get_analytics_data'
Traceback (most recent call last):
  File "/home/retiredfan/Documents/github/Linux-test/Linux-Practice/linux_plus_study_v3/services/dashboard_service.py", line 35, in get_dashboard_summary
    analytics_data = self._get_analytics_data()
                     ^^^^^^^^^^^^^^^^^^^^^^^^
AttributeError: 'DashboardService' object has no attribute '_get_analytics_data'
2025-08-14 00:39:17,333 - views.web_view - INFO: Loading dashboard for user: anonymous
2025-08-14 00:39:17,333 - services.dashboard_service - ERROR: Error loading dashboard summary for anonymous: 'DashboardService' object has no attribute '_get_analytics_data'
Traceback (most recent call last):
  File "/home/retiredfan/Documents/github/Linux-test/Linux-Practice/linux_plus_study_v3/services/dashboard_service.py", line 35, in get_dashboard_summary
    analytics_data = self._get_analytics_data()
                     ^^^^^^^^^^^^^^^^^^^^^^^^
AttributeError: 'DashboardService' object has no attribute '_get_analytics_data'
2025-08-14 00:39:17,497 - views.web_view - INFO: API dashboard request for user: anonymous
2025-08-14 00:39:17,498 - services.dashboard_service - ERROR: Error loading dashboard summary for anonymous: 'DashboardService' object has no attribute '_get_analytics_data'
Traceback (most recent call last):
  File "/home/retiredfan/Documents/github/Linux-test/Linux-Practice/linux_plus_study_v3/services/dashboard_service.py", line 35, in get_dashboard_summary
    analytics_data = self._get_analytics_data()
                     ^^^^^^^^^^^^^^^^^^^^^^^^
AttributeError: 'DashboardService' object has no attribute '_get_analytics_data'
2025-08-14 00:42:56,676 - __main__ - INFO: Linux Plus Study System logging initialized
2025-08-14 00:42:56,676 - __main__ - INFO: Starting web application mode
2025-08-14 00:42:56,677 - utils.persistence_manager - INFO: Persistence Manager initialized
2025-08-14 00:42:56,698 - models.question_db - INFO: Loaded 12 questions from database
2025-08-14 00:42:56,710 - __main__ - INFO: Web application components loaded successfully
2025-08-14 00:42:56,718 - utils.database - INFO: Initializing sqlite without connection pooling
2025-08-14 00:42:56,719 - utils.database - INFO: Database connection test successful
2025-08-14 00:42:56,734 - views.web_view - WARNING: VM management features not available - vm_integration module not found
2025-08-14 00:42:56,738 - __main__ - INFO: Web interface loaded successfully - Starting server on 0.0.0.0:8083
2025-08-14 00:44:46,761 - views.web_view - INFO: Loading dashboard for user: anonymous
2025-08-14 00:44:46,762 - services.dashboard_service - ERROR: Error loading dashboard summary for anonymous: 'DashboardService' object has no attribute '_get_analytics_data'
Traceback (most recent call last):
  File "/home/retiredfan/Documents/github/Linux-test/Linux-Practice/linux_plus_study_v3/services/dashboard_service.py", line 35, in get_dashboard_summary
    analytics_data = self._get_analytics_data()
                     ^^^^^^^^^^^^^^^^^^^^^^^^
AttributeError: 'DashboardService' object has no attribute '_get_analytics_data'
2025-08-14 00:45:00,722 - views.web_view - INFO: API dashboard request for user: anonymous
2025-08-14 00:45:00,722 - services.dashboard_service - ERROR: Error loading dashboard summary for anonymous: 'DashboardService' object has no attribute '_get_analytics_data'
Traceback (most recent call last):
  File "/home/retiredfan/Documents/github/Linux-test/Linux-Practice/linux_plus_study_v3/services/dashboard_service.py", line 35, in get_dashboard_summary
    analytics_data = self._get_analytics_data()
                     ^^^^^^^^^^^^^^^^^^^^^^^^
AttributeError: 'DashboardService' object has no attribute '_get_analytics_data'
2025-08-14 00:45:11,339 - __main__ - INFO: Received signal 2, initiating graceful shutdown
2025-08-14 00:45:11,341 - utils.database - INFO: All database connections closed
2025-08-14 00:45:15,430 - __main__ - INFO: Linux Plus Study System logging initialized
2025-08-14 00:45:15,430 - __main__ - INFO: Starting web application mode
2025-08-14 00:45:15,431 - utils.persistence_manager - INFO: Persistence Manager initialized
2025-08-14 00:45:15,451 - models.question_db - INFO: Loaded 12 questions from database
2025-08-14 00:45:15,460 - __main__ - INFO: Web application components loaded successfully
2025-08-14 00:45:15,471 - utils.database - INFO: Initializing sqlite without connection pooling
2025-08-14 00:45:15,473 - utils.database - INFO: Database connection test successful
2025-08-14 00:45:15,489 - views.web_view - WARNING: VM management features not available - vm_integration module not found
2025-08-14 00:45:15,493 - __main__ - INFO: Web interface loaded successfully - Starting server on 127.0.0.1:5000
2025-08-14 00:45:21,567 - views.web_view - INFO: Loading dashboard for user: anonymous
2025-08-14 00:45:21,568 - services.dashboard_service - ERROR: Error loading dashboard summary for anonymous: 'DashboardService' object has no attribute '_get_analytics_data'
Traceback (most recent call last):
  File "/home/retiredfan/Documents/github/Linux-test/Linux-Practice/linux_plus_study_v3/services/dashboard_service.py", line 35, in get_dashboard_summary
    analytics_data = self._get_analytics_data()
                     ^^^^^^^^^^^^^^^^^^^^^^^^
AttributeError: 'DashboardService' object has no attribute '_get_analytics_data'
2025-08-14 00:45:21,796 - views.web_view - INFO: API dashboard request for user: anonymous
2025-08-14 00:45:21,796 - services.dashboard_service - ERROR: Error loading dashboard summary for anonymous: 'DashboardService' object has no attribute '_get_analytics_data'
Traceback (most recent call last):
  File "/home/retiredfan/Documents/github/Linux-test/Linux-Practice/linux_plus_study_v3/services/dashboard_service.py", line 35, in get_dashboard_summary
    analytics_data = self._get_analytics_data()
                     ^^^^^^^^^^^^^^^^^^^^^^^^
AttributeError: 'DashboardService' object has no attribute '_get_analytics_data'
2025-08-14 00:45:27,307 - __main__ - INFO: Linux Plus Study System logging initialized
2025-08-14 00:45:27,307 - __main__ - INFO: Starting web application mode
2025-08-14 00:45:27,307 - utils.persistence_manager - INFO: Persistence Manager initialized
2025-08-14 00:45:27,324 - models.question_db - INFO: Loaded 12 questions from database
2025-08-14 00:45:27,330 - __main__ - INFO: Web application components loaded successfully
2025-08-14 00:45:27,338 - utils.database - INFO: Initializing sqlite without connection pooling
2025-08-14 00:45:27,339 - utils.database - INFO: Database connection test successful
2025-08-14 00:45:27,351 - views.web_view - WARNING: VM management features not available - vm_integration module not found
2025-08-14 00:45:27,354 - __main__ - INFO: Web interface loaded successfully - Starting server on 0.0.0.0:8083
2025-08-14 00:45:29,259 - views.web_view - INFO: Loading achievements page for user: anonymous
2025-08-14 00:45:29,259 - services.dashboard_service - ERROR: Error loading dashboard summary for anonymous: 'DashboardService' object has no attribute '_get_analytics_data'
Traceback (most recent call last):
  File "/home/retiredfan/Documents/github/Linux-test/Linux-Practice/linux_plus_study_v3/services/dashboard_service.py", line 35, in get_dashboard_summary
    analytics_data = self._get_analytics_data()
                     ^^^^^^^^^^^^^^^^^^^^^^^^
AttributeError: 'DashboardService' object has no attribute '_get_analytics_data'
2025-08-14 00:45:30,726 - views.web_view - INFO: Analytics page request for user: anonymous
2025-08-14 00:45:30,726 - services.dashboard_service - ERROR: Error loading dashboard summary for anonymous: 'DashboardService' object has no attribute '_get_analytics_data'
Traceback (most recent call last):
  File "/home/retiredfan/Documents/github/Linux-test/Linux-Practice/linux_plus_study_v3/services/dashboard_service.py", line 35, in get_dashboard_summary
    analytics_data = self._get_analytics_data()
                     ^^^^^^^^^^^^^^^^^^^^^^^^
AttributeError: 'DashboardService' object has no attribute '_get_analytics_data'
2025-08-14 00:45:32,851 - views.web_view - INFO: Loading stats page for user: anonymous
2025-08-14 00:45:32,851 - services.dashboard_service - ERROR: Error loading dashboard summary for anonymous: 'DashboardService' object has no attribute '_get_analytics_data'
Traceback (most recent call last):
  File "/home/retiredfan/Documents/github/Linux-test/Linux-Practice/linux_plus_study_v3/services/dashboard_service.py", line 35, in get_dashboard_summary
    analytics_data = self._get_analytics_data()
                     ^^^^^^^^^^^^^^^^^^^^^^^^
AttributeError: 'DashboardService' object has no attribute '_get_analytics_data'
2025-08-14 00:45:35,340 - views.web_view - INFO: Review page request for user: anonymous
2025-08-14 00:45:35,340 - services.dashboard_service - ERROR: Error loading dashboard summary for anonymous: 'DashboardService' object has no attribute '_get_analytics_data'
Traceback (most recent call last):
  File "/home/retiredfan/Documents/github/Linux-test/Linux-Practice/linux_plus_study_v3/services/dashboard_service.py", line 35, in get_dashboard_summary
    analytics_data = self._get_analytics_data()
                     ^^^^^^^^^^^^^^^^^^^^^^^^
AttributeError: 'DashboardService' object has no attribute '_get_analytics_data'
2025-08-14 00:45:36,652 - views.web_view - INFO: Loading achievements page for user: anonymous
2025-08-14 00:45:36,652 - services.dashboard_service - ERROR: Error loading dashboard summary for anonymous: 'DashboardService' object has no attribute '_get_analytics_data'
Traceback (most recent call last):
  File "/home/retiredfan/Documents/github/Linux-test/Linux-Practice/linux_plus_study_v3/services/dashboard_service.py", line 35, in get_dashboard_summary
    analytics_data = self._get_analytics_data()
                     ^^^^^^^^^^^^^^^^^^^^^^^^
AttributeError: 'DashboardService' object has no attribute '_get_analytics_data'
2025-08-14 00:45:44,096 - views.web_view - INFO: Analytics page request for user: anonymous
2025-08-14 00:45:44,096 - services.dashboard_service - ERROR: Error loading dashboard summary for anonymous: 'DashboardService' object has no attribute '_get_analytics_data'
Traceback (most recent call last):
  File "/home/retiredfan/Documents/github/Linux-test/Linux-Practice/linux_plus_study_v3/services/dashboard_service.py", line 35, in get_dashboard_summary
    analytics_data = self._get_analytics_data()
                     ^^^^^^^^^^^^^^^^^^^^^^^^
AttributeError: 'DashboardService' object has no attribute '_get_analytics_data'
2025-08-14 00:51:42,323 - __main__ - INFO: Linux Plus Study System logging initialized
2025-08-14 00:51:42,323 - __main__ - INFO: Starting web application mode
2025-08-14 00:51:42,324 - utils.persistence_manager - INFO: Persistence Manager initialized
2025-08-14 00:51:42,347 - models.question_db - INFO: Loaded 12 questions from database
2025-08-14 00:51:42,356 - __main__ - INFO: Web application components loaded successfully
2025-08-14 00:51:42,366 - utils.database - INFO: Initializing sqlite without connection pooling
2025-08-14 00:51:42,367 - utils.database - INFO: Database connection test successful
2025-08-14 00:51:42,383 - views.web_view - WARNING: VM management features not available - vm_integration module not found
2025-08-14 00:51:42,388 - __main__ - INFO: Web interface loaded successfully - Starting server on 0.0.0.0:8083
2025-08-14 00:52:04,950 - views.web_view - INFO: API dashboard request for user: anonymous
2025-08-14 00:52:04,973 - services.dashboard_service - WARNING: Error getting user progress from analytics: 'int' object has no attribute 'get'
2025-08-14 00:52:04,981 - services.dashboard_service - WARNING: Error getting performance metrics from analytics: 'total_attempted'
2025-08-14 00:52:04,985 - services.dashboard_service - INFO: Dashboard summary loaded for user anonymous
2025-08-14 00:52:45,739 - views.web_view - INFO: Loading dashboard for user: anonymous
2025-08-14 00:52:45,743 - services.dashboard_service - WARNING: Error getting user progress from analytics: 'int' object has no attribute 'get'
2025-08-14 00:52:45,750 - services.dashboard_service - WARNING: Error getting performance metrics from analytics: 'total_attempted'
2025-08-14 00:52:45,752 - services.dashboard_service - INFO: Dashboard summary loaded for user anonymous
2025-08-14 00:52:45,753 - views.web_view - ERROR: Error loading dashboard stats: 'xp_percentage'
Traceback (most recent call last):
  File "/home/retiredfan/Documents/github/Linux-test/Linux-Practice/linux_plus_study_v3/views/web_view.py", line 1712, in index
    'xp_percentage': dashboard_data['user_progress']['xp_percentage'],
                     ~~~~~~~~~~~~~~~~~~~~~~~~~~~~~~~^^^^^^^^^^^^^^^^^
KeyError: 'xp_percentage'
2025-08-14 00:53:50,158 - __main__ - INFO: Received signal 2, initiating graceful shutdown
2025-08-14 00:53:50,158 - utils.database - INFO: All database connections closed
2025-08-14 00:53:51,954 - __main__ - INFO: Linux Plus Study System logging initialized
2025-08-14 00:53:51,954 - __main__ - INFO: Starting web application mode
2025-08-14 00:53:51,954 - utils.persistence_manager - INFO: Persistence Manager initialized
2025-08-14 00:53:51,968 - models.question_db - INFO: Loaded 12 questions from database
2025-08-14 00:53:51,973 - __main__ - INFO: Web application components loaded successfully
2025-08-14 00:53:51,982 - utils.database - INFO: Initializing sqlite without connection pooling
2025-08-14 00:53:51,983 - utils.database - INFO: Database connection test successful
2025-08-14 00:53:51,994 - views.web_view - WARNING: VM management features not available - vm_integration module not found
2025-08-14 00:53:51,997 - __main__ - INFO: Web interface loaded successfully - Starting server on 127.0.0.1:5000
2025-08-14 00:53:58,725 - views.web_view - INFO: Analytics page request for user: anonymous
2025-08-14 00:53:58,741 - services.dashboard_service - WARNING: Error getting user progress from analytics: 'int' object has no attribute 'get'
2025-08-14 00:53:58,752 - services.dashboard_service - WARNING: Error getting performance metrics from analytics: 'total_attempted'
2025-08-14 00:53:58,755 - services.dashboard_service - INFO: Dashboard summary loaded for user anonymous
2025-08-14 00:54:11,289 - views.web_view - INFO: Loading dashboard for user: anonymous
2025-08-14 00:54:11,292 - services.dashboard_service - WARNING: Error getting user progress from analytics: 'int' object has no attribute 'get'
2025-08-14 00:54:11,300 - services.dashboard_service - WARNING: Error getting performance metrics from analytics: 'total_attempted'
2025-08-14 00:54:11,302 - services.dashboard_service - INFO: Dashboard summary loaded for user anonymous
2025-08-14 00:54:11,302 - views.web_view - ERROR: Error loading dashboard stats: 'xp_percentage'
Traceback (most recent call last):
  File "/home/retiredfan/Documents/github/Linux-test/Linux-Practice/linux_plus_study_v3/views/web_view.py", line 1712, in index
    'xp_percentage': dashboard_data['user_progress']['xp_percentage'],
                     ~~~~~~~~~~~~~~~~~~~~~~~~~~~~~~~^^^^^^^^^^^^^^^^^
KeyError: 'xp_percentage'
2025-08-14 00:54:11,470 - views.web_view - INFO: API dashboard request for user: anonymous
2025-08-14 00:54:11,473 - services.dashboard_service - WARNING: Error getting user progress from analytics: 'int' object has no attribute 'get'
2025-08-14 00:54:11,477 - services.dashboard_service - WARNING: Error getting performance metrics from analytics: 'total_attempted'
2025-08-14 00:54:11,479 - services.dashboard_service - INFO: Dashboard summary loaded for user anonymous
2025-08-14 00:54:19,062 - views.web_view - INFO: Loading stats page for user: anonymous
2025-08-14 00:54:19,065 - services.dashboard_service - WARNING: Error getting user progress from analytics: 'int' object has no attribute 'get'
2025-08-14 00:54:19,071 - services.dashboard_service - WARNING: Error getting performance metrics from analytics: 'total_attempted'
2025-08-14 00:54:19,072 - services.dashboard_service - INFO: Dashboard summary loaded for user anonymous
2025-08-14 00:54:20,941 - views.web_view - INFO: Analytics page request for user: anonymous
2025-08-14 00:54:20,943 - services.dashboard_service - WARNING: Error getting user progress from analytics: 'int' object has no attribute 'get'
2025-08-14 00:54:20,949 - services.dashboard_service - WARNING: Error getting performance metrics from analytics: 'total_attempted'
2025-08-14 00:54:20,951 - services.dashboard_service - INFO: Dashboard summary loaded for user anonymous
2025-08-14 00:54:22,440 - views.web_view - INFO: Loading achievements page for user: anonymous
2025-08-14 00:54:22,443 - services.dashboard_service - WARNING: Error getting user progress from analytics: 'int' object has no attribute 'get'
2025-08-14 00:54:22,449 - services.dashboard_service - WARNING: Error getting performance metrics from analytics: 'total_attempted'
2025-08-14 00:54:22,451 - services.dashboard_service - INFO: Dashboard summary loaded for user anonymous
2025-08-14 00:54:25,111 - views.web_view - INFO: Review page request for user: anonymous
2025-08-14 00:54:25,114 - services.dashboard_service - WARNING: Error getting user progress from analytics: 'int' object has no attribute 'get'
2025-08-14 00:54:25,119 - services.dashboard_service - WARNING: Error getting performance metrics from analytics: 'total_attempted'
2025-08-14 00:54:25,120 - services.dashboard_service - INFO: Dashboard summary loaded for user anonymous
2025-08-14 00:54:27,825 - views.web_view - INFO: Loading dashboard for user: anonymous
2025-08-14 00:54:27,829 - services.dashboard_service - WARNING: Error getting user progress from analytics: 'int' object has no attribute 'get'
2025-08-14 00:54:27,836 - services.dashboard_service - WARNING: Error getting performance metrics from analytics: 'total_attempted'
2025-08-14 00:54:27,837 - services.dashboard_service - INFO: Dashboard summary loaded for user anonymous
2025-08-14 00:54:27,837 - views.web_view - ERROR: Error loading dashboard stats: 'xp_percentage'
Traceback (most recent call last):
  File "/home/retiredfan/Documents/github/Linux-test/Linux-Practice/linux_plus_study_v3/views/web_view.py", line 1712, in index
    'xp_percentage': dashboard_data['user_progress']['xp_percentage'],
                     ~~~~~~~~~~~~~~~~~~~~~~~~~~~~~~~^^^^^^^^^^^^^^^^^
KeyError: 'xp_percentage'
2025-08-14 00:54:28,002 - views.web_view - INFO: API dashboard request for user: anonymous
2025-08-14 00:54:28,006 - services.dashboard_service - WARNING: Error getting user progress from analytics: 'int' object has no attribute 'get'
2025-08-14 00:54:28,011 - services.dashboard_service - WARNING: Error getting performance metrics from analytics: 'total_attempted'
2025-08-14 00:54:28,012 - services.dashboard_service - INFO: Dashboard summary loaded for user anonymous
2025-08-14 00:58:38,487 - __main__ - INFO: Received signal 2, initiating graceful shutdown
2025-08-14 00:58:38,488 - utils.database - INFO: All database connections closed
2025-08-14 00:58:39,628 - __main__ - INFO: Linux Plus Study System logging initialized
2025-08-14 00:58:39,628 - __main__ - INFO: Starting web application mode
2025-08-14 00:58:39,628 - utils.persistence_manager - INFO: Persistence Manager initialized
2025-08-14 00:58:39,643 - models.question_db - INFO: Loaded 12 questions from database
2025-08-14 00:58:39,650 - __main__ - INFO: Web application components loaded successfully
2025-08-14 00:58:39,658 - utils.database - INFO: Initializing sqlite without connection pooling
2025-08-14 00:58:39,659 - utils.database - INFO: Database connection test successful
2025-08-14 00:58:39,671 - views.web_view - WARNING: VM management features not available - vm_integration module not found
2025-08-14 00:58:39,675 - __main__ - INFO: Web interface loaded successfully - Starting server on 127.0.0.1:5000
2025-08-14 00:58:44,923 - views.web_view - INFO: Loading dashboard for user: anonymous
2025-08-14 00:58:44,954 - services.dashboard_service - INFO: Dashboard summary loaded for user anonymous
2025-08-14 00:58:45,158 - views.web_view - INFO: API dashboard request for user: anonymous
2025-08-14 00:58:45,169 - services.dashboard_service - INFO: Dashboard summary loaded for user anonymous
2025-08-14 00:58:50,702 - views.web_view - INFO: Loading stats page for user: anonymous
2025-08-14 00:58:50,710 - services.dashboard_service - INFO: Dashboard summary loaded for user anonymous
2025-08-14 00:58:52,353 - views.web_view - INFO: Analytics page request for user: anonymous
2025-08-14 00:58:52,361 - services.dashboard_service - INFO: Dashboard summary loaded for user anonymous
2025-08-14 00:58:53,919 - views.web_view - INFO: Loading achievements page for user: anonymous
2025-08-14 00:58:53,929 - services.dashboard_service - INFO: Dashboard summary loaded for user anonymous
2025-08-14 00:58:57,295 - views.web_view - INFO: Review page request for user: anonymous
2025-08-14 00:58:57,307 - services.dashboard_service - INFO: Dashboard summary loaded for user anonymous
2025-08-14 00:58:58,674 - views.web_view - INFO: Loading dashboard for user: anonymous
2025-08-14 00:58:58,682 - services.dashboard_service - INFO: Dashboard summary loaded for user anonymous
2025-08-14 00:58:58,848 - views.web_view - INFO: API dashboard request for user: anonymous
2025-08-14 00:58:58,858 - services.dashboard_service - INFO: Dashboard summary loaded for user anonymous
2025-08-14 01:00:57,446 - views.web_view - INFO: Loading dashboard for user: anonymous
2025-08-14 01:00:57,456 - services.dashboard_service - INFO: Dashboard summary loaded for user anonymous
2025-08-14 01:00:57,598 - views.web_view - INFO: API dashboard request for user: anonymous
2025-08-14 01:00:57,610 - services.dashboard_service - INFO: Dashboard summary loaded for user anonymous
2025-08-14 01:01:02,066 - views.web_view - INFO: Analytics page request for user: anonymous
2025-08-14 01:01:02,077 - services.dashboard_service - INFO: Dashboard summary loaded for user anonymous
2025-08-14 01:01:17,261 - views.web_view - INFO: Review page request for user: anonymous
2025-08-14 01:01:17,270 - services.dashboard_service - INFO: Dashboard summary loaded for user anonymous
2025-08-14 01:01:18,359 - views.web_view - INFO: Loading achievements page for user: anonymous
2025-08-14 01:01:18,370 - services.dashboard_service - INFO: Dashboard summary loaded for user anonymous
2025-08-14 01:01:20,811 - views.web_view - INFO: Analytics page request for user: anonymous
2025-08-14 01:01:20,820 - services.dashboard_service - INFO: Dashboard summary loaded for user anonymous
2025-08-14 01:01:26,231 - views.web_view - INFO: Loading stats page for user: anonymous
2025-08-14 01:01:26,243 - services.dashboard_service - INFO: Dashboard summary loaded for user anonymous
2025-08-14 01:01:36,950 - views.web_view - INFO: Loading dashboard for user: anonymous
2025-08-14 01:01:36,961 - services.dashboard_service - INFO: Dashboard summary loaded for user anonymous
2025-08-14 01:01:37,135 - views.web_view - INFO: API dashboard request for user: anonymous
2025-08-14 01:01:37,145 - services.dashboard_service - INFO: Dashboard summary loaded for user anonymous
2025-08-14 01:08:18,792 - __main__ - INFO: Received signal 2, initiating graceful shutdown
2025-08-14 01:08:18,793 - utils.database - INFO: All database connections closed
2025-08-14 01:08:34,636 - __main__ - INFO: Linux Plus Study System logging initialized
2025-08-14 01:08:34,637 - __main__ - INFO: Starting web application mode
2025-08-14 01:08:34,637 - utils.persistence_manager - INFO: Persistence Manager initialized
2025-08-14 01:08:34,659 - models.question_db - INFO: Loaded 12 questions from database
2025-08-14 01:08:34,670 - __main__ - INFO: Web application components loaded successfully
2025-08-14 01:08:34,682 - utils.database - INFO: Initializing sqlite without connection pooling
2025-08-14 01:08:34,685 - utils.database - INFO: Database connection test successful
2025-08-14 01:08:34,705 - views.web_view - WARNING: VM management features not available - vm_integration module not found
2025-08-14 01:08:34,710 - __main__ - INFO: Web interface loaded successfully - Starting server on 127.0.0.1:5000
2025-08-14 01:08:44,532 - views.web_view - INFO: Loading dashboard for user: anonymous
2025-08-14 01:08:44,555 - services.dashboard_service - INFO: Dashboard summary loaded for user anonymous
2025-08-14 01:08:44,863 - views.web_view - INFO: API dashboard request for user: anonymous
2025-08-14 01:08:44,874 - services.dashboard_service - INFO: Dashboard summary loaded for user anonymous
2025-08-14 01:08:51,680 - views.web_view - INFO: Loading stats page for user: anonymous
2025-08-14 01:08:51,694 - services.dashboard_service - INFO: Dashboard summary loaded for user anonymous
2025-08-14 01:08:57,154 - views.web_view - INFO: Analytics page request for user: anonymous
2025-08-14 01:08:57,166 - services.dashboard_service - INFO: Dashboard summary loaded for user anonymous
2025-08-14 01:09:06,493 - views.web_view - INFO: Loading achievements page for user: anonymous
2025-08-14 01:09:06,504 - services.dashboard_service - INFO: Dashboard summary loaded for user anonymous
2025-08-14 01:09:09,489 - views.web_view - INFO: Loading dashboard for user: anonymous
2025-08-14 01:09:09,500 - services.dashboard_service - INFO: Dashboard summary loaded for user anonymous
2025-08-14 01:09:09,651 - views.web_view - INFO: API dashboard request for user: anonymous
2025-08-14 01:09:09,664 - services.dashboard_service - INFO: Dashboard summary loaded for user anonymous
2025-08-14 09:50:24,791 - __main__ - INFO: Received signal 2, initiating graceful shutdown
2025-08-14 09:50:24,792 - utils.database - INFO: All database connections closed
2025-08-14 09:50:32,356 - __main__ - INFO: Linux Plus Study System logging initialized
2025-08-14 09:50:32,356 - __main__ - INFO: Starting web application mode
2025-08-14 09:50:32,356 - utils.persistence_manager - INFO: Persistence Manager initialized
2025-08-14 09:50:32,371 - models.question_db - INFO: Loaded 12 questions from database
2025-08-14 09:50:32,377 - __main__ - INFO: Web application components loaded successfully
2025-08-14 09:50:32,385 - utils.database - INFO: Initializing sqlite without connection pooling
2025-08-14 09:50:32,386 - utils.database - INFO: Database connection test successful
2025-08-14 09:50:32,397 - views.web_view - WARNING: VM management features not available - vm_integration module not found
2025-08-14 09:50:32,401 - __main__ - INFO: Web interface loaded successfully - Starting server on 127.0.0.1:5000
2025-08-14 09:50:40,416 - views.web_view - INFO: API dashboard request for user: anonymous
2025-08-14 09:50:40,438 - services.dashboard_service - INFO: Dashboard summary loaded for user anonymous
2025-08-14 09:50:41,892 - views.web_view - INFO: Loading dashboard for user: anonymous
2025-08-14 09:50:41,900 - services.dashboard_service - INFO: Dashboard summary loaded for user anonymous
2025-08-14 09:50:42,080 - views.web_view - INFO: API dashboard request for user: anonymous
2025-08-14 09:50:42,089 - services.dashboard_service - INFO: Dashboard summary loaded for user anonymous
2025-08-14 09:50:58,105 - views.web_view - ERROR: Settings page error: cannot import name 'get_config_manager' from 'utils.config' (/home/retiredfan/Documents/github/Linux-test/Linux-Practice/linux_plus_study_v3/utils/config.py)
Traceback (most recent call last):
  File "/home/retiredfan/Documents/github/Linux-test/Linux-Practice/linux_plus_study_v3/views/web_view.py", line 1894, in settings_page
    from utils.config import get_config_manager
ImportError: cannot import name 'get_config_manager' from 'utils.config' (/home/retiredfan/Documents/github/Linux-test/Linux-Practice/linux_plus_study_v3/utils/config.py)
2025-08-14 09:51:10,222 - views.web_view - ERROR: Settings page error: cannot import name 'get_config_manager' from 'utils.config' (/home/retiredfan/Documents/github/Linux-test/Linux-Practice/linux_plus_study_v3/utils/config.py)
Traceback (most recent call last):
  File "/home/retiredfan/Documents/github/Linux-test/Linux-Practice/linux_plus_study_v3/views/web_view.py", line 1894, in settings_page
    from utils.config import get_config_manager
ImportError: cannot import name 'get_config_manager' from 'utils.config' (/home/retiredfan/Documents/github/Linux-test/Linux-Practice/linux_plus_study_v3/utils/config.py)
2025-08-14 09:51:16,896 - views.web_view - ERROR: Settings page error: cannot import name 'get_config_manager' from 'utils.config' (/home/retiredfan/Documents/github/Linux-test/Linux-Practice/linux_plus_study_v3/utils/config.py)
Traceback (most recent call last):
  File "/home/retiredfan/Documents/github/Linux-test/Linux-Practice/linux_plus_study_v3/views/web_view.py", line 1894, in settings_page
    from utils.config import get_config_manager
ImportError: cannot import name 'get_config_manager' from 'utils.config' (/home/retiredfan/Documents/github/Linux-test/Linux-Practice/linux_plus_study_v3/utils/config.py)
2025-08-14 09:51:19,897 - views.web_view - INFO: Analytics page request for user: anonymous
2025-08-14 09:51:19,910 - services.dashboard_service - INFO: Dashboard summary loaded for user anonymous
